{"/home/travis/build/npmtest/node-npmtest-marked/test.js":{"path":"/home/travis/build/npmtest/node-npmtest-marked/test.js","s":{"1":2,"2":2,"3":2,"4":2,"5":2,"6":2,"7":2,"8":1,"9":2,"10":2,"11":1,"12":1,"13":1,"14":1,"15":2,"16":2,"17":2,"18":2,"19":1,"20":1,"21":2,"22":2,"23":2,"24":1,"25":1,"26":1,"27":1,"28":1,"29":1,"30":1,"31":1,"32":1,"33":1,"34":1,"35":1,"36":2,"37":2,"38":1,"39":2,"40":2,"41":1,"42":2,"43":2,"44":1,"45":1,"46":1,"47":1,"48":1},"b":{"1":[2,1,1,1],"2":[1,1,1,1],"3":[1,1],"4":[1,1],"5":[1,1],"6":[1,1],"7":[1,1],"8":[1,1],"9":[1,1,1],"10":[1,1],"11":[1,1],"12":[1,1],"13":[1,1],"14":[1,1],"15":[1,1]},"f":{"1":2,"2":2,"3":2,"4":2,"5":2,"6":1,"7":1,"8":2,"9":2,"10":2,"11":1},"fnMap":{"1":{"name":"(anonymous_1)","line":12,"loc":{"start":{"line":12,"column":1},"end":{"line":12,"column":13}}},"2":{"name":"(anonymous_2)","line":19,"loc":{"start":{"line":19,"column":5},"end":{"line":19,"column":17}}},"3":{"name":"(anonymous_3)","line":23,"loc":{"start":{"line":23,"column":24},"end":{"line":23,"column":36}}},"4":{"name":"(anonymous_4)","line":61,"loc":{"start":{"line":61,"column":5},"end":{"line":61,"column":17}}},"5":{"name":"(anonymous_5)","line":82,"loc":{"start":{"line":82,"column":5},"end":{"line":82,"column":17}}},"6":{"name":"(anonymous_6)","line":102,"loc":{"start":{"line":102,"column":83},"end":{"line":105,"column":10}},"skip":true},"7":{"name":"(anonymous_7)","line":113,"loc":{"start":{"line":113,"column":77},"end":{"line":116,"column":10}},"skip":true},"8":{"name":"(anonymous_8)","line":127,"loc":{"start":{"line":127,"column":77},"end":{"line":130,"column":10}},"skip":true},"9":{"name":"(anonymous_9)","line":138,"loc":{"start":{"line":138,"column":83},"end":{"line":141,"column":10}},"skip":true},"10":{"name":"(anonymous_10)","line":149,"loc":{"start":{"line":149,"column":79},"end":{"line":152,"column":10}},"skip":true},"11":{"name":"(anonymous_11)","line":160,"loc":{"start":{"line":160,"column":75},"end":{"line":163,"column":10}},"skip":true}},"statementMap":{"1":{"start":{"line":12,"column":0},"end":{"line":175,"column":5}},"2":{"start":{"line":14,"column":4},"end":{"line":14,"column":14}},"3":{"start":{"line":19,"column":4},"end":{"line":56,"column":9}},"4":{"start":{"line":21,"column":8},"end":{"line":21,"column":19}},"5":{"start":{"line":23,"column":8},"end":{"line":35,"column":13}},"6":{"start":{"line":24,"column":12},"end":{"line":34,"column":13}},"7":{"start":{"line":25,"column":16},"end":{"line":28,"column":30}},"8":{"start":{"line":30,"column":16},"end":{"line":33,"column":27}},"9":{"start":{"line":37,"column":8},"end":{"line":39,"column":21}},"10":{"start":{"line":40,"column":8},"end":{"line":53,"column":9}},"11":{"start":{"line":43,"column":12},"end":{"line":46,"column":14}},"12":{"start":{"line":47,"column":12},"end":{"line":47,"column":18}},"13":{"start":{"line":50,"column":12},"end":{"line":51,"column":46}},"14":{"start":{"line":52,"column":12},"end":{"line":52,"column":18}},"15":{"start":{"line":55,"column":8},"end":{"line":55,"column":35}},"16":{"start":{"line":61,"column":4},"end":{"line":63,"column":9}},"17":{"start":{"line":62,"column":8},"end":{"line":62,"column":15}},"18":{"start":{"line":64,"column":4},"end":{"line":77,"column":5}},"19":{"start":{"line":70,"column":8},"end":{"line":70,"column":14}},"20":{"start":{"line":76,"column":8},"end":{"line":76,"column":14}},"21":{"start":{"line":82,"column":4},"end":{"line":84,"column":9}},"22":{"start":{"line":83,"column":8},"end":{"line":83,"column":15}},"23":{"start":{"line":85,"column":4},"end":{"line":174,"column":5}},"24":{"start":{"line":92,"column":8},"end":{"line":94,"column":63}},"25":{"start":{"line":95,"column":8},"end":{"line":95,"column":14}},"26":{"start":{"line":102,"column":8},"end":{"line":111,"column":10},"skip":true},"27":{"start":{"line":109,"column":12},"end":{"line":109,"column":55},"skip":true},"28":{"start":{"line":110,"column":12},"end":{"line":110,"column":48},"skip":true},"29":{"start":{"line":113,"column":8},"end":{"line":125,"column":10},"skip":true},"30":{"start":{"line":120,"column":12},"end":{"line":120,"column":76},"skip":true},"31":{"start":{"line":121,"column":12},"end":{"line":121,"column":73},"skip":true},"32":{"start":{"line":122,"column":12},"end":{"line":122,"column":74},"skip":true},"33":{"start":{"line":123,"column":12},"end":{"line":123,"column":25},"skip":true},"34":{"start":{"line":124,"column":12},"end":{"line":124,"column":45},"skip":true},"35":{"start":{"line":127,"column":8},"end":{"line":136,"column":10},"skip":true},"36":{"start":{"line":134,"column":12},"end":{"line":134,"column":25},"skip":true},"37":{"start":{"line":135,"column":12},"end":{"line":135,"column":45},"skip":true},"38":{"start":{"line":138,"column":8},"end":{"line":147,"column":10},"skip":true},"39":{"start":{"line":145,"column":12},"end":{"line":145,"column":25},"skip":true},"40":{"start":{"line":146,"column":12},"end":{"line":146,"column":48},"skip":true},"41":{"start":{"line":149,"column":8},"end":{"line":158,"column":10},"skip":true},"42":{"start":{"line":156,"column":12},"end":{"line":156,"column":25},"skip":true},"43":{"start":{"line":157,"column":12},"end":{"line":157,"column":46},"skip":true},"44":{"start":{"line":160,"column":8},"end":{"line":169,"column":10},"skip":true},"45":{"start":{"line":167,"column":12},"end":{"line":167,"column":94},"skip":true},"46":{"start":{"line":168,"column":12},"end":{"line":168,"column":48},"skip":true},"47":{"start":{"line":172,"column":8},"end":{"line":172,"column":35},"skip":true},"48":{"start":{"line":173,"column":8},"end":{"line":173,"column":14},"skip":true}},"branchMap":{"1":{"line":25,"type":"binary-expr","locations":[{"start":{"line":25,"column":23},"end":{"line":25,"column":62}},{"start":{"line":26,"column":20},"end":{"line":26,"column":70}},{"start":{"line":27,"column":20},"end":{"line":27,"column":71}},{"start":{"line":28,"column":20},"end":{"line":28,"column":29}}]},"2":{"line":30,"type":"binary-expr","locations":[{"start":{"line":30,"column":23},"end":{"line":30,"column":37}},{"start":{"line":31,"column":20},"end":{"line":31,"column":61}},{"start":{"line":32,"column":20},"end":{"line":32,"column":70}},{"start":{"line":33,"column":20},"end":{"line":33,"column":26}}]},"3":{"line":37,"type":"cond-expr","locations":[{"start":{"line":38,"column":14},"end":{"line":38,"column":20}},{"start":{"line":39,"column":14},"end":{"line":39,"column":20}}]},"4":{"line":40,"type":"switch","locations":[{"start":{"line":42,"column":8},"end":{"line":47,"column":18}},{"start":{"line":49,"column":8},"end":{"line":52,"column":18}}]},"5":{"line":44,"type":"binary-expr","locations":[{"start":{"line":44,"column":16},"end":{"line":44,"column":44}},{"start":{"line":44,"column":48},"end":{"line":44,"column":66}}]},"6":{"line":50,"type":"binary-expr","locations":[{"start":{"line":50,"column":21},"end":{"line":50,"column":49}},{"start":{"line":50,"column":53},"end":{"line":50,"column":72}}]},"7":{"line":64,"type":"switch","locations":[{"start":{"line":69,"column":4},"end":{"line":70,"column":14}},{"start":{"line":75,"column":4},"end":{"line":76,"column":14}}]},"8":{"line":85,"type":"switch","locations":[{"start":{"line":90,"column":4},"end":{"line":95,"column":14}},{"start":{"line":101,"column":4},"end":{"line":173,"column":14},"skip":true}]},"9":{"line":92,"type":"binary-expr","locations":[{"start":{"line":92,"column":18},"end":{"line":92,"column":32}},{"start":{"line":93,"column":12},"end":{"line":93,"column":53}},{"start":{"line":94,"column":12},"end":{"line":94,"column":61}}]},"10":{"line":102,"type":"binary-expr","locations":[{"start":{"line":102,"column":45},"end":{"line":102,"column":79},"skip":true},{"start":{"line":102,"column":83},"end":{"line":111,"column":9},"skip":true}]},"11":{"line":113,"type":"binary-expr","locations":[{"start":{"line":113,"column":42},"end":{"line":113,"column":73},"skip":true},{"start":{"line":113,"column":77},"end":{"line":125,"column":9},"skip":true}]},"12":{"line":127,"type":"binary-expr","locations":[{"start":{"line":127,"column":42},"end":{"line":127,"column":73},"skip":true},{"start":{"line":127,"column":77},"end":{"line":136,"column":9},"skip":true}]},"13":{"line":138,"type":"binary-expr","locations":[{"start":{"line":138,"column":45},"end":{"line":138,"column":79},"skip":true},{"start":{"line":138,"column":83},"end":{"line":147,"column":9},"skip":true}]},"14":{"line":149,"type":"binary-expr","locations":[{"start":{"line":149,"column":43},"end":{"line":149,"column":75},"skip":true},{"start":{"line":149,"column":79},"end":{"line":158,"column":9},"skip":true}]},"15":{"line":160,"type":"binary-expr","locations":[{"start":{"line":160,"column":41},"end":{"line":160,"column":71},"skip":true},{"start":{"line":160,"column":75},"end":{"line":169,"column":9},"skip":true}]}},"code":["/* istanbul instrument in package npmtest_marked */","/*jslint","    bitwise: true,","    browser: true,","    maxerr: 8,","    maxlen: 96,","    node: true,","    nomen: true,","    regexp: true,","    stupid: true","*/","(function () {","    'use strict';","    var local;","","","","    // run shared js-env code - pre-init","    (function () {","        // init local","        local = {};","        // init modeJs","        local.modeJs = (function () {","            try {","                return typeof navigator.userAgent === 'string' &&","                    typeof document.querySelector('body') === 'object' &&","                    typeof XMLHttpRequest.prototype.open === 'function' &&","                    'browser';","            } catch (errorCaughtBrowser) {","                return module.exports &&","                    typeof process.versions.node === 'string' &&","                    typeof require('http').createServer === 'function' &&","                    'node';","            }","        }());","        // init global","        local.global = local.modeJs === 'browser'","            ? window","            : global;","        switch (local.modeJs) {","        // re-init local from window.local","        case 'browser':","            local = local.global.utility2.objectSetDefault(","                local.global.utility2_rollup || local.global.local,","                local.global.utility2","            );","            break;","        // re-init local from example.js","        case 'node':","            local = (local.global.utility2_rollup || require('utility2'))","                .requireExampleJsFromReadme();","            break;","        }","        // export local","        local.global.local = local;","    }());","","","","    // run shared js-env code - function","    (function () {","        return;","    }());","    switch (local.modeJs) {","","","","    // run browser js-env code - function","    case 'browser':","        break;","","","","    // run node js-env code - function","    case 'node':","        break;","    }","","","","    // run shared js-env code - post-init","    (function () {","        return;","    }());","    switch (local.modeJs) {","","","","    // run browser js-env code - post-init","    case 'browser':","        // run tests","        local.nop(local.modeTest &&","            document.querySelector('#testRunButton1') &&","            document.querySelector('#testRunButton1').click());","        break;","","","","    // run node js-env code - post-init","    /* istanbul ignore next */","    case 'node':","        local.testCase_buildApidoc_default = local.testCase_buildApidoc_default || function (","            options,","            onError","        ) {","        /*","         * this function will test buildApidoc's default handling-behavior-behavior","         */","            options = { modulePathList: module.paths };","            local.buildApidoc(options, onError);","        };","","        local.testCase_buildApp_default = local.testCase_buildApp_default || function (","            options,","            onError","        ) {","        /*","         * this function will test buildApp's default handling-behavior-behavior","         */","            local.testCase_buildReadme_default(options, local.onErrorThrow);","            local.testCase_buildLib_default(options, local.onErrorThrow);","            local.testCase_buildTest_default(options, local.onErrorThrow);","            options = [];","            local.buildApp(options, onError);","        };","","        local.testCase_buildLib_default = local.testCase_buildLib_default || function (","            options,","            onError","        ) {","        /*","         * this function will test buildLib's default handling-behavior","         */","            options = {};","            local.buildLib(options, onError);","        };","","        local.testCase_buildReadme_default = local.testCase_buildReadme_default || function (","            options,","            onError","        ) {","        /*","         * this function will test buildReadme's default handling-behavior-behavior","         */","            options = {};","            local.buildReadme(options, onError);","        };","","        local.testCase_buildTest_default = local.testCase_buildTest_default || function (","            options,","            onError","        ) {","        /*","         * this function will test buildTest's default handling-behavior","         */","            options = {};","            local.buildTest(options, onError);","        };","","        local.testCase_webpage_default = local.testCase_webpage_default || function (","            options,","            onError","        ) {","        /*","         * this function will test webpage's default handling-behavior","         */","            options = { modeCoverageMerge: true, url: local.serverLocalHost + '?modeTest=1' };","            local.browserTest(options, onError);","        };","","        // run test-server","        local.testRunServer(local);","        break;","    }","}());",""],"l":{"12":2,"14":2,"19":2,"21":2,"23":2,"24":2,"25":2,"30":1,"37":2,"40":2,"43":1,"47":1,"50":1,"52":1,"55":2,"61":2,"62":2,"64":2,"70":1,"76":1,"82":2,"83":2,"85":2,"92":1,"95":1,"102":1,"109":1,"110":1,"113":1,"120":1,"121":1,"122":1,"123":1,"124":1,"127":1,"134":2,"135":2,"138":1,"145":2,"146":2,"149":1,"156":2,"157":2,"160":1,"167":1,"168":1,"172":1,"173":1}},"/home/travis/build/npmtest/node-npmtest-marked/lib.npmtest_marked.js":{"path":"/home/travis/build/npmtest/node-npmtest-marked/lib.npmtest_marked.js","s":{"1":2,"2":2,"3":2,"4":2,"5":2,"6":2,"7":2,"8":1,"9":2,"10":2,"11":2,"12":2,"13":1,"14":1,"15":1,"16":1},"b":{"1":[2,1,1,1],"2":[1,1,1,1],"3":[1,1],"4":[2,2],"5":[1,1]},"f":{"1":2,"2":2,"3":2},"fnMap":{"1":{"name":"(anonymous_1)","line":12,"loc":{"start":{"line":12,"column":1},"end":{"line":12,"column":13}}},"2":{"name":"(anonymous_2)","line":19,"loc":{"start":{"line":19,"column":5},"end":{"line":19,"column":17}}},"3":{"name":"(anonymous_3)","line":23,"loc":{"start":{"line":23,"column":24},"end":{"line":23,"column":36}}}},"statementMap":{"1":{"start":{"line":12,"column":0},"end":{"line":53,"column":5}},"2":{"start":{"line":14,"column":4},"end":{"line":14,"column":14}},"3":{"start":{"line":19,"column":4},"end":{"line":52,"column":9}},"4":{"start":{"line":21,"column":8},"end":{"line":21,"column":19}},"5":{"start":{"line":23,"column":8},"end":{"line":35,"column":13}},"6":{"start":{"line":24,"column":12},"end":{"line":34,"column":13}},"7":{"start":{"line":25,"column":16},"end":{"line":28,"column":30}},"8":{"start":{"line":30,"column":16},"end":{"line":33,"column":27}},"9":{"start":{"line":37,"column":8},"end":{"line":39,"column":21}},"10":{"start":{"line":41,"column":8},"end":{"line":41,"column":54}},"11":{"start":{"line":43,"column":8},"end":{"line":43,"column":51}},"12":{"start":{"line":45,"column":8},"end":{"line":51,"column":9}},"13":{"start":{"line":46,"column":12},"end":{"line":46,"column":57}},"14":{"start":{"line":48,"column":12},"end":{"line":48,"column":35}},"15":{"start":{"line":49,"column":12},"end":{"line":49,"column":49}},"16":{"start":{"line":50,"column":12},"end":{"line":50,"column":43}}},"branchMap":{"1":{"line":25,"type":"binary-expr","locations":[{"start":{"line":25,"column":23},"end":{"line":25,"column":62}},{"start":{"line":26,"column":20},"end":{"line":26,"column":70}},{"start":{"line":27,"column":20},"end":{"line":27,"column":71}},{"start":{"line":28,"column":20},"end":{"line":28,"column":29}}]},"2":{"line":30,"type":"binary-expr","locations":[{"start":{"line":30,"column":23},"end":{"line":30,"column":37}},{"start":{"line":31,"column":20},"end":{"line":31,"column":61}},{"start":{"line":32,"column":20},"end":{"line":32,"column":70}},{"start":{"line":33,"column":20},"end":{"line":33,"column":26}}]},"3":{"line":37,"type":"cond-expr","locations":[{"start":{"line":38,"column":14},"end":{"line":38,"column":20}},{"start":{"line":39,"column":14},"end":{"line":39,"column":20}}]},"4":{"line":41,"type":"binary-expr","locations":[{"start":{"line":41,"column":16},"end":{"line":41,"column":44}},{"start":{"line":41,"column":48},"end":{"line":41,"column":53}}]},"5":{"line":45,"type":"if","locations":[{"start":{"line":45,"column":8},"end":{"line":45,"column":8}},{"start":{"line":45,"column":8},"end":{"line":45,"column":8}}]}},"code":["/* istanbul instrument in package npmtest_marked */","/*jslint","    bitwise: true,","    browser: true,","    maxerr: 8,","    maxlen: 96,","    node: true,","    nomen: true,","    regexp: true,","    stupid: true","*/","(function () {","    'use strict';","    var local;","","","","    // run shared js-env code - pre-init","    (function () {","        // init local","        local = {};","        // init modeJs","        local.modeJs = (function () {","            try {","                return typeof navigator.userAgent === 'string' &&","                    typeof document.querySelector('body') === 'object' &&","                    typeof XMLHttpRequest.prototype.open === 'function' &&","                    'browser';","            } catch (errorCaughtBrowser) {","                return module.exports &&","                    typeof process.versions.node === 'string' &&","                    typeof require('http').createServer === 'function' &&","                    'node';","            }","        }());","        // init global","        local.global = local.modeJs === 'browser'","            ? window","            : global;","        // init utility2_rollup","        local = local.global.utility2_rollup || local;","        // init lib","        local.local = local.npmtest_marked = local;","        // init exports","        if (local.modeJs === 'browser') {","            local.global.utility2_npmtest_marked = local;","        } else {","            module.exports = local;","            module.exports.__dirname = __dirname;","            module.exports.module = module;","        }","    }());","}());",""],"l":{"12":2,"14":2,"19":2,"21":2,"23":2,"24":2,"25":2,"30":1,"37":2,"41":2,"43":2,"45":2,"46":1,"48":1,"49":1,"50":1}},"/home/travis/build/npmtest/node-npmtest-marked/example.js":{"path":"/home/travis/build/npmtest/node-npmtest-marked/example.js","s":{"1":2,"2":2,"3":2,"4":2,"5":2,"6":2,"7":2,"8":1,"9":2,"10":2,"11":2,"12":2,"13":1,"14":2,"15":2,"16":2,"17":2,"18":2,"19":0,"20":2,"21":1,"22":1,"23":1,"24":1,"25":1,"26":0,"27":0,"28":1,"29":1,"30":2,"31":0,"32":0,"33":0,"34":1,"35":2,"36":2,"37":2,"38":2,"39":2,"40":2,"41":0,"42":2,"43":2,"44":2,"45":1,"46":3,"47":1,"48":1,"49":1,"50":1,"51":1,"52":1,"53":1,"54":1,"55":1,"56":1,"57":0,"58":1,"59":6,"60":6,"61":1,"62":2,"63":0,"64":2,"65":1,"66":1,"67":0,"68":0,"69":0,"70":0,"71":0,"72":0,"73":0,"74":0,"75":0,"76":0,"77":0,"78":0,"79":0,"80":0,"81":0,"82":0,"83":0},"b":{"1":[2,1,1,1],"2":[1,1,1,1],"3":[1,1],"4":[2,2],"5":[1,1],"6":[1,1],"7":[2,0],"8":[2,1,1,1,1,1],"9":[0,2,0],"10":[1,1],"11":[2,1,1],"12":[1,0],"13":[0,2],"14":[2,0,0,0,0,0,0],"15":[0,2],"16":[2,0],"17":[1,1],"18":[0,1],"19":[1,2,0,2],"20":[1,0],"21":[1,1],"22":[0,0],"23":[0,0],"24":[0,0],"25":[0,0],"26":[0,0],"27":[0,0],"28":[0,0]},"f":{"1":2,"2":2,"3":2,"4":2,"5":2,"6":2,"7":2,"8":2,"9":3,"10":1,"11":6,"12":0},"fnMap":{"1":{"name":"(anonymous_1)","line":26,"loc":{"start":{"line":26,"column":1},"end":{"line":26,"column":13}}},"2":{"name":"(anonymous_2)","line":33,"loc":{"start":{"line":33,"column":5},"end":{"line":33,"column":17}}},"3":{"name":"(anonymous_3)","line":37,"loc":{"start":{"line":37,"column":24},"end":{"line":37,"column":36}}},"4":{"name":"(anonymous_4)","line":69,"loc":{"start":{"line":69,"column":31},"end":{"line":69,"column":48}},"skip":true},"5":{"name":"(anonymous_5)","line":78,"loc":{"start":{"line":78,"column":26},"end":{"line":78,"column":45}},"skip":true},"6":{"name":"(anonymous_6)","line":123,"loc":{"start":{"line":123,"column":33},"end":{"line":123,"column":48}},"skip":true},"7":{"name":"(anonymous_7)","line":125,"loc":{"start":{"line":125,"column":27},"end":{"line":125,"column":39}},"skip":true},"8":{"name":"(anonymous_8)","line":133,"loc":{"start":{"line":133,"column":59},"end":{"line":133,"column":74}},"skip":true},"9":{"name":"(anonymous_9)","line":143,"loc":{"start":{"line":143,"column":45},"end":{"line":143,"column":62}},"skip":true},"10":{"name":"(anonymous_10)","line":144,"loc":{"start":{"line":144,"column":73},"end":{"line":144,"column":92}},"skip":true},"11":{"name":"(anonymous_11)","line":272,"loc":{"start":{"line":272,"column":51},"end":{"line":272,"column":77}},"skip":true},"12":{"name":"(anonymous_12)","line":314,"loc":{"start":{"line":314,"column":32},"end":{"line":314,"column":61}},"skip":true}},"statementMap":{"1":{"start":{"line":26,"column":0},"end":{"line":325,"column":5}},"2":{"start":{"line":28,"column":4},"end":{"line":28,"column":14}},"3":{"start":{"line":33,"column":4},"end":{"line":60,"column":9}},"4":{"start":{"line":35,"column":8},"end":{"line":35,"column":19}},"5":{"start":{"line":37,"column":8},"end":{"line":49,"column":13}},"6":{"start":{"line":38,"column":12},"end":{"line":48,"column":13}},"7":{"start":{"line":39,"column":16},"end":{"line":42,"column":30}},"8":{"start":{"line":44,"column":16},"end":{"line":47,"column":27}},"9":{"start":{"line":51,"column":8},"end":{"line":53,"column":21}},"10":{"start":{"line":55,"column":8},"end":{"line":57,"column":45}},"11":{"start":{"line":59,"column":8},"end":{"line":59,"column":35}},"12":{"start":{"line":61,"column":4},"end":{"line":324,"column":5}},"13":{"start":{"line":69,"column":8},"end":{"line":121,"column":10},"skip":true},"14":{"start":{"line":70,"column":12},"end":{"line":88,"column":13},"skip":true},"15":{"start":{"line":76,"column":16},"end":{"line":87,"column":19},"skip":true},"16":{"start":{"line":79,"column":20},"end":{"line":86,"column":21},"skip":true},"17":{"start":{"line":82,"column":24},"end":{"line":82,"column":43},"skip":true},"18":{"start":{"line":83,"column":24},"end":{"line":83,"column":30},"skip":true},"19":{"start":{"line":85,"column":24},"end":{"line":85,"column":49},"skip":true},"20":{"start":{"line":89,"column":12},"end":{"line":107,"column":13},"skip":true},"21":{"start":{"line":92,"column":16},"end":{"line":102,"column":17},"skip":true},"22":{"start":{"line":93,"column":20},"end":{"line":93,"column":86},"skip":true},"23":{"start":{"line":94,"column":20},"end":{"line":95,"column":45},"skip":true},"24":{"start":{"line":96,"column":20},"end":{"line":96,"column":42},"skip":true},"25":{"start":{"line":97,"column":20},"end":{"line":97,"column":48},"skip":true},"26":{"start":{"line":100,"column":20},"end":{"line":100,"column":85},"skip":true},"27":{"start":{"line":101,"column":20},"end":{"line":101,"column":96},"skip":true},"28":{"start":{"line":103,"column":16},"end":{"line":103,"column":22},"skip":true},"29":{"start":{"line":106,"column":16},"end":{"line":106,"column":22},"skip":true},"30":{"start":{"line":108,"column":12},"end":{"line":120,"column":13},"skip":true},"31":{"start":{"line":114,"column":16},"end":{"line":119,"column":17},"skip":true},"32":{"start":{"line":116,"column":20},"end":{"line":116,"column":78},"skip":true},"33":{"start":{"line":118,"column":20},"end":{"line":118,"column":53},"skip":true},"34":{"start":{"line":123,"column":8},"end":{"line":141,"column":11},"skip":true},"35":{"start":{"line":124,"column":12},"end":{"line":124,"column":54},"skip":true},"36":{"start":{"line":125,"column":12},"end":{"line":140,"column":14},"skip":true},"37":{"start":{"line":126,"column":16},"end":{"line":126,"column":28},"skip":true},"38":{"start":{"line":127,"column":16},"end":{"line":127,"column":69},"skip":true},"39":{"start":{"line":128,"column":16},"end":{"line":128,"column":75},"skip":true},"40":{"start":{"line":129,"column":16},"end":{"line":131,"column":17},"skip":true},"41":{"start":{"line":130,"column":20},"end":{"line":130,"column":27},"skip":true},"42":{"start":{"line":133,"column":16},"end":{"line":137,"column":36},"skip":true},"43":{"start":{"line":134,"column":20},"end":{"line":136,"column":55},"skip":true},"44":{"start":{"line":139,"column":16},"end":{"line":139,"column":57},"skip":true},"45":{"start":{"line":143,"column":8},"end":{"line":147,"column":11},"skip":true},"46":{"start":{"line":144,"column":12},"end":{"line":146,"column":15},"skip":true},"47":{"start":{"line":145,"column":16},"end":{"line":145,"column":70},"skip":true},"48":{"start":{"line":149,"column":8},"end":{"line":149,"column":31},"skip":true},"49":{"start":{"line":150,"column":8},"end":{"line":150,"column":14},"skip":true},"50":{"start":{"line":158,"column":8},"end":{"line":158,"column":31},"skip":true},"51":{"start":{"line":160,"column":8},"end":{"line":160,"column":33},"skip":true},"52":{"start":{"line":161,"column":8},"end":{"line":161,"column":37},"skip":true},"53":{"start":{"line":162,"column":8},"end":{"line":162,"column":35},"skip":true},"54":{"start":{"line":164,"column":8},"end":{"line":164,"column":50},"skip":true},"55":{"start":{"line":166,"column":8},"end":{"line":256,"column":2},"skip":true},"56":{"start":{"line":258,"column":8},"end":{"line":286,"column":9},"skip":true},"57":{"start":{"line":259,"column":12},"end":{"line":269,"column":14},"skip":true},"58":{"start":{"line":271,"column":12},"end":{"line":285,"column":19},"skip":true},"59":{"start":{"line":274,"column":20},"end":{"line":274,"column":35},"skip":true},"60":{"start":{"line":275,"column":20},"end":{"line":284,"column":21},"skip":true},"61":{"start":{"line":277,"column":24},"end":{"line":277,"column":64},"skip":true},"62":{"start":{"line":279,"column":24},"end":{"line":279,"column":40},"skip":true},"63":{"start":{"line":281,"column":24},"end":{"line":281,"column":40},"skip":true},"64":{"start":{"line":283,"column":24},"end":{"line":283,"column":39},"skip":true},"65":{"start":{"line":288,"column":8},"end":{"line":290,"column":9},"skip":true},"66":{"start":{"line":289,"column":12},"end":{"line":289,"column":18},"skip":true},"67":{"start":{"line":291,"column":8},"end":{"line":293,"column":54},"skip":true},"68":{"start":{"line":294,"column":8},"end":{"line":301,"column":37},"skip":true},"69":{"start":{"line":302,"column":8},"end":{"line":302,"column":82},"skip":true},"70":{"start":{"line":305,"column":8},"end":{"line":307,"column":9},"skip":true},"71":{"start":{"line":306,"column":12},"end":{"line":306,"column":82},"skip":true},"72":{"start":{"line":309,"column":8},"end":{"line":311,"column":9},"skip":true},"73":{"start":{"line":310,"column":12},"end":{"line":310,"column":18},"skip":true},"74":{"start":{"line":312,"column":8},"end":{"line":312,"column":54},"skip":true},"75":{"start":{"line":313,"column":8},"end":{"line":313,"column":69},"skip":true},"76":{"start":{"line":314,"column":8},"end":{"line":322,"column":36},"skip":true},"77":{"start":{"line":315,"column":12},"end":{"line":315,"column":61},"skip":true},"78":{"start":{"line":316,"column":12},"end":{"line":319,"column":13},"skip":true},"79":{"start":{"line":317,"column":16},"end":{"line":317,"column":75},"skip":true},"80":{"start":{"line":318,"column":16},"end":{"line":318,"column":23},"skip":true},"81":{"start":{"line":320,"column":12},"end":{"line":320,"column":38},"skip":true},"82":{"start":{"line":321,"column":12},"end":{"line":321,"column":27},"skip":true},"83":{"start":{"line":323,"column":8},"end":{"line":323,"column":14},"skip":true}},"branchMap":{"1":{"line":39,"type":"binary-expr","locations":[{"start":{"line":39,"column":23},"end":{"line":39,"column":62}},{"start":{"line":40,"column":20},"end":{"line":40,"column":70}},{"start":{"line":41,"column":20},"end":{"line":41,"column":71}},{"start":{"line":42,"column":20},"end":{"line":42,"column":29}}]},"2":{"line":44,"type":"binary-expr","locations":[{"start":{"line":44,"column":23},"end":{"line":44,"column":37}},{"start":{"line":45,"column":20},"end":{"line":45,"column":61}},{"start":{"line":46,"column":20},"end":{"line":46,"column":70}},{"start":{"line":47,"column":20},"end":{"line":47,"column":26}}]},"3":{"line":51,"type":"cond-expr","locations":[{"start":{"line":52,"column":14},"end":{"line":52,"column":20}},{"start":{"line":53,"column":14},"end":{"line":53,"column":20}}]},"4":{"line":55,"type":"binary-expr","locations":[{"start":{"line":55,"column":16},"end":{"line":55,"column":44}},{"start":{"line":55,"column":49},"end":{"line":57,"column":43}}]},"5":{"line":55,"type":"cond-expr","locations":[{"start":{"line":56,"column":14},"end":{"line":56,"column":50}},{"start":{"line":57,"column":14},"end":{"line":57,"column":43}}]},"6":{"line":61,"type":"switch","locations":[{"start":{"line":68,"column":4},"end":{"line":150,"column":14},"skip":true},{"start":{"line":156,"column":4},"end":{"line":323,"column":14},"skip":true}]},"7":{"line":70,"type":"if","locations":[{"start":{"line":70,"column":12},"end":{"line":70,"column":12},"skip":true},{"start":{"line":70,"column":12},"end":{"line":70,"column":12},"skip":true}]},"8":{"line":70,"type":"binary-expr","locations":[{"start":{"line":70,"column":16},"end":{"line":70,"column":22},"skip":true},{"start":{"line":70,"column":27},"end":{"line":70,"column":32},"skip":true},{"start":{"line":71,"column":20},"end":{"line":71,"column":39},"skip":true},{"start":{"line":72,"column":20},"end":{"line":72,"column":49},"skip":true},{"start":{"line":73,"column":20},"end":{"line":73,"column":58},"skip":true},{"start":{"line":74,"column":20},"end":{"line":74,"column":69},"skip":true}]},"9":{"line":79,"type":"switch","locations":[{"start":{"line":80,"column":20},"end":{"line":80,"column":33},"skip":true},{"start":{"line":81,"column":20},"end":{"line":83,"column":30},"skip":true},{"start":{"line":84,"column":20},"end":{"line":85,"column":49},"skip":true}]},"10":{"line":89,"type":"switch","locations":[{"start":{"line":90,"column":12},"end":{"line":103,"column":22},"skip":true},{"start":{"line":105,"column":12},"end":{"line":106,"column":22},"skip":true}]},"11":{"line":89,"type":"binary-expr","locations":[{"start":{"line":89,"column":20},"end":{"line":89,"column":25},"skip":true},{"start":{"line":89,"column":29},"end":{"line":89,"column":48},"skip":true},{"start":{"line":89,"column":52},"end":{"line":89,"column":74},"skip":true}]},"12":{"line":92,"type":"if","locations":[{"start":{"line":92,"column":16},"end":{"line":92,"column":16},"skip":true},{"start":{"line":92,"column":16},"end":{"line":92,"column":16},"skip":true}]},"13":{"line":108,"type":"if","locations":[{"start":{"line":108,"column":12},"end":{"line":108,"column":12},"skip":true},{"start":{"line":108,"column":12},"end":{"line":108,"column":12},"skip":true}]},"14":{"line":108,"type":"binary-expr","locations":[{"start":{"line":108,"column":16},"end":{"line":108,"column":61},"skip":true},{"start":{"line":108,"column":66},"end":{"line":108,"column":72},"skip":true},{"start":{"line":108,"column":77},"end":{"line":108,"column":82},"skip":true},{"start":{"line":109,"column":20},"end":{"line":109,"column":39},"skip":true},{"start":{"line":110,"column":20},"end":{"line":110,"column":49},"skip":true},{"start":{"line":111,"column":20},"end":{"line":111,"column":58},"skip":true},{"start":{"line":112,"column":20},"end":{"line":112,"column":68},"skip":true}]},"15":{"line":129,"type":"if","locations":[{"start":{"line":129,"column":16},"end":{"line":129,"column":16},"skip":true},{"start":{"line":129,"column":16},"end":{"line":129,"column":16},"skip":true}]},"16":{"line":134,"type":"cond-expr","locations":[{"start":{"line":135,"column":26},"end":{"line":135,"column":29},"skip":true},{"start":{"line":136,"column":26},"end":{"line":136,"column":54},"skip":true}]},"17":{"line":164,"type":"binary-expr","locations":[{"start":{"line":164,"column":27},"end":{"line":164,"column":43},"skip":true},{"start":{"line":164,"column":47},"end":{"line":164,"column":49},"skip":true}]},"18":{"line":258,"type":"if","locations":[{"start":{"line":258,"column":8},"end":{"line":258,"column":8},"skip":true},{"start":{"line":258,"column":8},"end":{"line":258,"column":8},"skip":true}]},"19":{"line":275,"type":"switch","locations":[{"start":{"line":276,"column":20},"end":{"line":277,"column":64},"skip":true},{"start":{"line":278,"column":20},"end":{"line":279,"column":40},"skip":true},{"start":{"line":280,"column":20},"end":{"line":281,"column":40},"skip":true},{"start":{"line":282,"column":20},"end":{"line":283,"column":39},"skip":true}]},"20":{"line":288,"type":"if","locations":[{"start":{"line":288,"column":8},"end":{"line":288,"column":8},"skip":true},{"start":{"line":288,"column":8},"end":{"line":288,"column":8},"skip":true}]},"21":{"line":288,"type":"binary-expr","locations":[{"start":{"line":288,"column":12},"end":{"line":288,"column":40},"skip":true},{"start":{"line":288,"column":44},"end":{"line":288,"column":67},"skip":true}]},"22":{"line":292,"type":"binary-expr","locations":[{"start":{"line":292,"column":12},"end":{"line":292,"column":50},"skip":true},{"start":{"line":293,"column":12},"end":{"line":293,"column":53},"skip":true}]},"23":{"line":295,"type":"binary-expr","locations":[{"start":{"line":295,"column":12},"end":{"line":295,"column":64},"skip":true},{"start":{"line":296,"column":12},"end":{"line":301,"column":36},"skip":true}]},"24":{"line":302,"type":"binary-expr","locations":[{"start":{"line":302,"column":43},"end":{"line":302,"column":75},"skip":true},{"start":{"line":302,"column":79},"end":{"line":302,"column":81},"skip":true}]},"25":{"line":305,"type":"if","locations":[{"start":{"line":305,"column":8},"end":{"line":305,"column":8},"skip":true},{"start":{"line":305,"column":8},"end":{"line":305,"column":8},"skip":true}]},"26":{"line":309,"type":"if","locations":[{"start":{"line":309,"column":8},"end":{"line":309,"column":8},"skip":true},{"start":{"line":309,"column":8},"end":{"line":309,"column":8},"skip":true}]},"27":{"line":312,"type":"binary-expr","locations":[{"start":{"line":312,"column":27},"end":{"line":312,"column":43},"skip":true},{"start":{"line":312,"column":47},"end":{"line":312,"column":53},"skip":true}]},"28":{"line":316,"type":"if","locations":[{"start":{"line":316,"column":12},"end":{"line":316,"column":12},"skip":true},{"start":{"line":316,"column":12},"end":{"line":316,"column":12},"skip":true}]}},"code":["/*","example.js","","quickstart example","","instruction","    1. save this script as example.js","    2. run the shell command:","        $ npm install npmtest-marked && PORT=8081 node example.js","    3. play with the browser-demo on http://127.0.0.1:8081","*/","","","","/* istanbul instrument in package npmtest_marked */","/*jslint","    bitwise: true,","    browser: true,","    maxerr: 8,","    maxlen: 96,","    node: true,","    nomen: true,","    regexp: true,","    stupid: true","*/","(function () {","    'use strict';","    var local;","","","","    // run shared js-env code - pre-init","    (function () {","        // init local","        local = {};","        // init modeJs","        local.modeJs = (function () {","            try {","                return typeof navigator.userAgent === 'string' &&","                    typeof document.querySelector('body') === 'object' &&","                    typeof XMLHttpRequest.prototype.open === 'function' &&","                    'browser';","            } catch (errorCaughtBrowser) {","                return module.exports &&","                    typeof process.versions.node === 'string' &&","                    typeof require('http').createServer === 'function' &&","                    'node';","            }","        }());","        // init global","        local.global = local.modeJs === 'browser'","            ? window","            : global;","        // init utility2_rollup","        local = local.global.utility2_rollup || (local.modeJs === 'browser'","            ? local.global.utility2_npmtest_marked","            : global.utility2_moduleExports);","        // export local","        local.global.local = local;","    }());","    switch (local.modeJs) {","","","","    // post-init","    // run browser js-env code - post-init","    /* istanbul ignore next */","    case 'browser':","        local.testRunBrowser = function (event) {","            if (!event || (event &&","                    event.currentTarget &&","                    event.currentTarget.className &&","                    event.currentTarget.className.includes &&","                    event.currentTarget.className.includes('onreset'))) {","                // reset output","                Array.from(","                    document.querySelectorAll('body > .resettable')","                ).forEach(function (element) {","                    switch (element.tagName) {","                    case 'INPUT':","                    case 'TEXTAREA':","                        element.value = '';","                        break;","                    default:","                        element.textContent = '';","                    }","                });","            }","            switch (event && event.currentTarget && event.currentTarget.id) {","            case 'testRunButton1':","                // show tests","                if (document.querySelector('#testReportDiv1').style.display === 'none') {","                    document.querySelector('#testReportDiv1').style.display = 'block';","                    document.querySelector('#testRunButton1').textContent =","                        'hide internal test';","                    local.modeTest = true;","                    local.testRunDefault(local);","                // hide tests","                } else {","                    document.querySelector('#testReportDiv1').style.display = 'none';","                    document.querySelector('#testRunButton1').textContent = 'run internal test';","                }","                break;","            // custom-case","            default:","                break;","            }","            if (document.querySelector('#inputTextareaEval1') && (!event || (event &&","                    event.currentTarget &&","                    event.currentTarget.className &&","                    event.currentTarget.className.includes &&","                    event.currentTarget.className.includes('oneval')))) {","                // try to eval input-code","                try {","                    /*jslint evil: true*/","                    eval(document.querySelector('#inputTextareaEval1').value);","                } catch (errorCaught) {","                    console.error(errorCaught.stack);","                }","            }","        };","        // log stderr and stdout to #outputTextareaStdout1","        ['error', 'log'].forEach(function (key) {","            console[key + '_original'] = console[key];","            console[key] = function () {","                var element;","                console[key + '_original'].apply(console, arguments);","                element = document.querySelector('#outputTextareaStdout1');","                if (!element) {","                    return;","                }","                // append text to #outputTextareaStdout1","                element.value += Array.from(arguments).map(function (arg) {","                    return typeof arg === 'string'","                        ? arg","                        : JSON.stringify(arg, null, 4);","                }).join(' ') + '\\n';","                // scroll textarea to bottom","                element.scrollTop = element.scrollHeight;","            };","        });","        // init event-handling","        ['change', 'click', 'keyup'].forEach(function (event) {","            Array.from(document.querySelectorAll('.on' + event)).forEach(function (element) {","                element.addEventListener(event, local.testRunBrowser);","            });","        });","        // run tests","        local.testRunBrowser();","        break;","","","","    // run node js-env code - post-init","    /* istanbul ignore next */","    case 'node':","        // export local","        module.exports = local;","        // require modules","        local.fs = require('fs');","        local.http = require('http');","        local.url = require('url');","        // init assets","        local.assetsDict = local.assetsDict || {};","        /* jslint-ignore-begin */","        local.assetsDict['/assets.index.template.html'] = '\\","<!doctype html>\\n\\","<html lang=\"en\">\\n\\","<head>\\n\\","<meta charset=\"UTF-8\">\\n\\","<meta name=\"viewport\" content=\"width=device-width, initial-scale=1\">\\n\\","<title>{{env.npm_package_name}} (v{{env.npm_package_version}})</title>\\n\\","<style>\\n\\","/*csslint\\n\\","    box-sizing: false,\\n\\","    universal-selector: false\\n\\","*/\\n\\","* {\\n\\","    box-sizing: border-box;\\n\\","}\\n\\","body {\\n\\","    background: #dde;\\n\\","    font-family: Arial, Helvetica, sans-serif;\\n\\","    margin: 2rem;\\n\\","}\\n\\","body > * {\\n\\","    margin-bottom: 1rem;\\n\\","}\\n\\",".utility2FooterDiv {\\n\\","    margin-top: 20px;\\n\\","    text-align: center;\\n\\","}\\n\\","</style>\\n\\","<style>\\n\\","/*csslint\\n\\","*/\\n\\","textarea {\\n\\","    font-family: monospace;\\n\\","    height: 10rem;\\n\\","    width: 100%;\\n\\","}\\n\\","textarea[readonly] {\\n\\","    background: #ddd;\\n\\","}\\n\\","</style>\\n\\","</head>\\n\\","<body>\\n\\","<!-- utility2-comment\\n\\","<div id=\"ajaxProgressDiv1\" style=\"background: #d00; height: 2px; left: 0; margin: 0; padding: 0; position: fixed; top: 0; transition: background 0.5s, width 1.5s; width: 25%;\"></div>\\n\\","utility2-comment -->\\n\\","<h1>\\n\\","<!-- utility2-comment\\n\\","    <a\\n\\","        {{#if env.npm_package_homepage}}\\n\\","        href=\"{{env.npm_package_homepage}}\"\\n\\","        {{/if env.npm_package_homepage}}\\n\\","        target=\"_blank\"\\n\\","    >\\n\\","utility2-comment -->\\n\\","        {{env.npm_package_name}} (v{{env.npm_package_version}})\\n\\","<!-- utility2-comment\\n\\","    </a>\\n\\","utility2-comment -->\\n\\","</h1>\\n\\","<h3>{{env.npm_package_description}}</h3>\\n\\","<!-- utility2-comment\\n\\","<h4><a download href=\"assets.app.js\">download standalone app</a></h4>\\n\\","<button class=\"onclick onreset\" id=\"testRunButton1\">run internal test</button><br>\\n\\","<div id=\"testReportDiv1\" style=\"display: none;\"></div>\\n\\","utility2-comment -->\\n\\","\\n\\","\\n\\","\\n\\","<label>stderr and stdout</label>\\n\\","<textarea class=\"resettable\" id=\"outputTextareaStdout1\" readonly></textarea>\\n\\","<!-- utility2-comment\\n\\","{{#if isRollup}}\\n\\","<script src=\"assets.app.js\"></script>\\n\\","{{#unless isRollup}}\\n\\","utility2-comment -->\\n\\","<script src=\"assets.utility2.rollup.js\"></script>\\n\\","<script src=\"jsonp.utility2._stateInit?callback=window.utility2._stateInit\"></script>\\n\\","<script src=\"assets.npmtest_marked.rollup.js\"></script>\\n\\","<script src=\"assets.example.js\"></script>\\n\\","<script src=\"assets.test.js\"></script>\\n\\","<!-- utility2-comment\\n\\","{{/if isRollup}}\\n\\","utility2-comment -->\\n\\","<div class=\"utility2FooterDiv\">\\n\\","    [ this app was created with\\n\\","    <a href=\"https://github.com/kaizhu256/node-utility2\" target=\"_blank\">utility2</a>\\n\\","    ]\\n\\","</div>\\n\\","</body>\\n\\","</html>\\n\\","';","        /* jslint-ignore-end */","        if (local.templateRender) {","            local.assetsDict['/'] = local.templateRender(","                local.assetsDict['/assets.index.template.html'],","                {","                    env: local.objectSetDefault(local.env, {","                        npm_package_description: 'the greatest app in the world!',","                        npm_package_name: 'my-app',","                        npm_package_nameAlias: 'my_app',","                        npm_package_version: '0.0.1'","                    })","                }","            );","        } else {","            local.assetsDict['/'] = local.assetsDict['/assets.index.template.html']","                .replace((/\\{\\{env\\.(\\w+?)\\}\\}/g), function (match0, match1) {","                    // jslint-hack","                    String(match0);","                    switch (match1) {","                    case 'npm_package_description':","                        return 'the greatest app in the world!';","                    case 'npm_package_name':","                        return 'my-app';","                    case 'npm_package_nameAlias':","                        return 'my_app';","                    case 'npm_package_version':","                        return '0.0.1';","                    }","                });","        }","        // run the cli","        if (local.global.utility2_rollup || module !== require.main) {","            break;","        }","        local.assetsDict['/assets.example.js'] =","            local.assetsDict['/assets.example.js'] ||","            local.fs.readFileSync(__filename, 'utf8');","        local.assetsDict['/assets.npmtest_marked.rollup.js'] =","            local.assetsDict['/assets.npmtest_marked.rollup.js'] ||","            local.fs.readFileSync(","                // buildCustomOrg-hack","                local.npmtest_marked.__dirname +","                    '/lib.npmtest_marked.js',","                'utf8'","            ).replace((/^#!/), '//');","        local.assetsDict['/favicon.ico'] = local.assetsDict['/favicon.ico'] || '';","        // if $npm_config_timeout_exit exists,","        // then exit this process after $npm_config_timeout_exit ms","        if (Number(process.env.npm_config_timeout_exit)) {","            setTimeout(process.exit, Number(process.env.npm_config_timeout_exit));","        }","        // start server","        if (local.global.utility2_serverHttp1) {","            break;","        }","        process.env.PORT = process.env.PORT || '8081';","        console.error('server starting on port ' + process.env.PORT);","        local.http.createServer(function (request, response) {","            request.urlParsed = local.url.parse(request.url);","            if (local.assetsDict[request.urlParsed.pathname] !== undefined) {","                response.end(local.assetsDict[request.urlParsed.pathname]);","                return;","            }","            response.statusCode = 404;","            response.end();","        }).listen(process.env.PORT);","        break;","    }","}());",""],"l":{"26":2,"28":2,"33":2,"35":2,"37":2,"38":2,"39":2,"44":1,"51":2,"55":2,"59":2,"61":2,"69":1,"70":2,"76":2,"79":2,"82":2,"83":2,"85":1,"89":2,"92":1,"93":1,"94":1,"96":1,"97":1,"100":1,"101":1,"103":1,"106":1,"108":2,"114":1,"116":1,"118":1,"123":1,"124":2,"125":2,"126":2,"127":2,"128":2,"129":2,"130":1,"133":2,"134":2,"139":2,"143":1,"144":3,"145":1,"149":1,"150":1,"158":1,"160":1,"161":1,"162":1,"164":1,"166":1,"258":1,"259":1,"271":1,"274":6,"275":6,"277":1,"279":2,"281":1,"283":2,"288":1,"289":1,"291":1,"294":1,"302":1,"305":1,"306":1,"309":1,"310":1,"312":1,"313":1,"314":1,"315":1,"316":1,"317":1,"318":1,"320":1,"321":1,"323":1}},"/home/travis/build/npmtest/node-npmtest-marked/marked/lib/marked.js":{"path":"/home/travis/build/npmtest/node-npmtest-marked/marked/lib/marked.js","s":{"1":1,"2":1,"3":1,"4":1,"5":1,"6":1,"7":1,"8":1,"9":1,"10":1,"11":1,"12":1,"13":1,"14":1,"15":1,"16":0,"17":0,"18":0,"19":0,"20":0,"21":0,"22":0,"23":0,"24":1,"25":1,"26":0,"27":0,"28":1,"29":0,"30":0,"31":1,"32":0,"33":0,"34":0,"35":0,"36":0,"37":0,"38":0,"39":0,"40":0,"41":0,"42":0,"43":0,"44":0,"45":0,"46":0,"47":0,"48":0,"49":0,"50":0,"51":0,"52":0,"53":0,"54":0,"55":0,"56":0,"57":0,"58":0,"59":0,"60":0,"61":0,"62":0,"63":0,"64":0,"65":0,"66":0,"67":0,"68":0,"69":0,"70":0,"71":0,"72":0,"73":0,"74":0,"75":0,"76":0,"77":0,"78":0,"79":0,"80":0,"81":0,"82":0,"83":0,"84":0,"85":0,"86":0,"87":0,"88":0,"89":0,"90":0,"91":0,"92":0,"93":0,"94":0,"95":0,"96":0,"97":0,"98":0,"99":0,"100":0,"101":0,"102":0,"103":0,"104":0,"105":0,"106":0,"107":0,"108":0,"109":0,"110":0,"111":0,"112":0,"113":0,"114":0,"115":0,"116":0,"117":0,"118":0,"119":0,"120":0,"121":0,"122":0,"123":0,"124":0,"125":0,"126":0,"127":0,"128":0,"129":0,"130":0,"131":0,"132":0,"133":0,"134":0,"135":0,"136":0,"137":0,"138":0,"139":0,"140":0,"141":0,"142":0,"143":0,"144":0,"145":1,"146":1,"147":1,"148":1,"149":1,"150":1,"151":1,"152":1,"153":1,"154":1,"155":0,"156":0,"157":0,"158":0,"159":0,"160":0,"161":0,"162":0,"163":0,"164":0,"165":0,"166":0,"167":0,"168":1,"169":1,"170":0,"171":0,"172":1,"173":0,"174":0,"175":0,"176":0,"177":0,"178":0,"179":0,"180":0,"181":0,"182":0,"183":0,"184":0,"185":0,"186":0,"187":0,"188":0,"189":0,"190":0,"191":0,"192":0,"193":0,"194":0,"195":0,"196":0,"197":0,"198":0,"199":0,"200":0,"201":0,"202":0,"203":0,"204":0,"205":0,"206":0,"207":0,"208":0,"209":0,"210":0,"211":0,"212":0,"213":0,"214":0,"215":0,"216":0,"217":0,"218":0,"219":0,"220":0,"221":0,"222":0,"223":0,"224":0,"225":0,"226":0,"227":0,"228":0,"229":0,"230":0,"231":0,"232":0,"233":0,"234":0,"235":0,"236":0,"237":0,"238":0,"239":0,"240":0,"241":0,"242":0,"243":0,"244":0,"245":0,"246":0,"247":1,"248":0,"249":0,"250":1,"251":0,"252":0,"253":0,"254":1,"255":0,"256":0,"257":0,"258":0,"259":0,"260":0,"261":0,"262":0,"263":0,"264":1,"265":1,"266":1,"267":0,"268":0,"269":0,"270":0,"271":0,"272":0,"273":0,"274":0,"275":1,"276":0,"277":1,"278":0,"279":1,"280":0,"281":1,"282":0,"283":1,"284":0,"285":0,"286":1,"287":0,"288":1,"289":0,"290":1,"291":0,"292":1,"293":0,"294":1,"295":0,"296":0,"297":0,"298":1,"299":0,"300":1,"301":0,"302":1,"303":0,"304":1,"305":0,"306":1,"307":0,"308":1,"309":0,"310":0,"311":0,"312":0,"313":0,"314":0,"315":0,"316":0,"317":0,"318":0,"319":0,"320":1,"321":0,"322":0,"323":0,"324":0,"325":0,"326":1,"327":0,"328":1,"329":0,"330":0,"331":0,"332":0,"333":0,"334":0,"335":1,"336":0,"337":0,"338":1,"339":0,"340":0,"341":0,"342":0,"343":0,"344":0,"345":1,"346":0,"347":1,"348":0,"349":1,"350":0,"351":0,"352":0,"353":0,"354":1,"355":0,"356":0,"357":0,"358":0,"359":0,"360":0,"361":0,"362":0,"363":0,"364":0,"365":0,"366":0,"367":0,"368":0,"369":0,"370":0,"371":0,"372":0,"373":0,"374":0,"375":0,"376":0,"377":0,"378":0,"379":0,"380":0,"381":0,"382":0,"383":0,"384":0,"385":0,"386":0,"387":0,"388":0,"389":0,"390":0,"391":0,"392":0,"393":1,"394":0,"395":1,"396":0,"397":0,"398":0,"399":0,"400":0,"401":0,"402":0,"403":1,"404":12,"405":12,"406":12,"407":36,"408":12,"409":24,"410":24,"411":24,"412":24,"413":1,"414":1,"415":1,"416":7,"417":7,"418":12,"419":12,"420":124,"421":124,"422":7,"423":1,"424":0,"425":0,"426":0,"427":0,"428":0,"429":0,"430":0,"431":0,"432":0,"433":0,"434":0,"435":0,"436":0,"437":0,"438":0,"439":0,"440":0,"441":0,"442":0,"443":0,"444":0,"445":0,"446":0,"447":0,"448":0,"449":0,"450":0,"451":0,"452":0,"453":0,"454":0,"455":0,"456":0,"457":0,"458":0,"459":0,"460":0,"461":0,"462":0,"463":0,"464":0,"465":0,"466":0,"467":0,"468":0,"469":0,"470":1,"471":0,"472":0,"473":1,"474":1,"475":1,"476":1,"477":1,"478":1,"479":1,"480":1,"481":1,"482":1,"483":1,"484":0,"485":0,"486":0,"487":0,"488":1},"b":{"1":[0,0],"2":[0,0],"3":[0,0],"4":[0,0],"5":[0,0],"6":[0,0],"7":[0,0],"8":[0,0],"9":[0,0],"10":[0,0],"11":[0,0],"12":[0,0],"13":[0,0],"14":[0,0],"15":[0,0],"16":[0,0],"17":[0,0],"18":[0,0],"19":[0,0],"20":[0,0],"21":[0,0],"22":[0,0],"23":[0,0],"24":[0,0],"25":[0,0],"26":[0,0],"27":[0,0],"28":[0,0],"29":[0,0],"30":[0,0],"31":[0,0],"32":[0,0],"33":[0,0],"34":[0,0,0,0],"35":[0,0],"36":[0,0,0],"37":[0,0],"38":[0,0],"39":[0,0],"40":[0,0],"41":[0,0],"42":[0,0],"43":[0,0],"44":[0,0],"45":[0,0],"46":[0,0],"47":[0,0],"48":[0,0],"49":[0,0],"50":[0,0],"51":[0,0],"52":[0,0],"53":[0,0],"54":[0,0],"55":[0,0],"56":[0,0],"57":[0,0],"58":[0,0],"59":[0,0],"60":[0,0],"61":[0,0],"62":[0,0],"63":[0,0],"64":[0,0],"65":[0,0],"66":[0,0],"67":[0,0],"68":[0,0],"69":[0,0],"70":[0,0],"71":[0,0],"72":[0,0],"73":[0,0],"74":[0,0],"75":[0,0],"76":[0,0],"77":[0,0],"78":[0,0],"79":[0,0],"80":[0,0],"81":[0,0],"82":[0,0],"83":[0,0],"84":[0,0],"85":[0,0],"86":[1,1],"87":[0,0],"88":[0,0],"89":[0,0],"90":[0,0],"91":[0,0],"92":[0,0],"93":[0,0],"94":[0,0],"95":[0,0],"96":[0,0],"97":[0,0],"98":[0,0],"99":[0,0],"100":[0,0],"101":[0,0],"102":[0,0],"103":[0,0],"104":[0,0],"105":[0,0],"106":[0,0],"107":[0,0,0,0,0,0,0,0,0,0,0,0],"108":[0,0],"109":[0,0],"110":[0,0],"111":[0,0],"112":[0,0],"113":[0,0],"114":[0,0],"115":[12,11],"116":[12,24],"117":[24,10],"118":[124,0],"119":[0,0],"120":[0,0],"121":[0,0],"122":[0,0],"123":[0,0],"124":[0,0],"125":[0,0],"126":[0,0],"127":[0,0],"128":[0,0],"129":[0,0],"130":[0,0],"131":[0,0],"132":[0,0],"133":[0,0],"134":[0,0],"135":[0,0],"136":[0,0],"137":[0,0],"138":[1,0],"139":[1,1],"140":[0,0],"141":[0,0],"142":[1,0],"143":[0,0]},"f":{"1":1,"2":0,"3":0,"4":0,"5":0,"6":0,"7":0,"8":0,"9":0,"10":0,"11":0,"12":1,"13":0,"14":0,"15":0,"16":0,"17":0,"18":0,"19":0,"20":0,"21":0,"22":0,"23":0,"24":0,"25":0,"26":0,"27":0,"28":0,"29":0,"30":0,"31":0,"32":0,"33":0,"34":0,"35":0,"36":0,"37":0,"38":0,"39":0,"40":0,"41":0,"42":12,"43":36,"44":0,"45":7,"46":0,"47":0,"48":0,"49":0,"50":0,"51":0,"52":1},"fnMap":{"1":{"name":"(anonymous_1)","line":7,"loc":{"start":{"line":7,"column":2},"end":{"line":7,"column":13}}},"2":{"name":"Lexer","line":102,"loc":{"start":{"line":102,"column":0},"end":{"line":102,"column":24}}},"3":{"name":"(anonymous_3)","line":127,"loc":{"start":{"line":127,"column":12},"end":{"line":127,"column":35}}},"4":{"name":"(anonymous_4)","line":136,"loc":{"start":{"line":136,"column":22},"end":{"line":136,"column":36}}},"5":{"name":"(anonymous_5)","line":150,"loc":{"start":{"line":150,"column":24},"end":{"line":150,"column":47}}},"6":{"name":"InlineLexer","line":520,"loc":{"start":{"line":520,"column":0},"end":{"line":520,"column":37}}},"7":{"name":"(anonymous_7)","line":553,"loc":{"start":{"line":553,"column":21},"end":{"line":553,"column":51}}},"8":{"name":"(anonymous_8)","line":562,"loc":{"start":{"line":562,"column":31},"end":{"line":562,"column":45}}},"9":{"name":"(anonymous_9)","line":702,"loc":{"start":{"line":702,"column":35},"end":{"line":702,"column":55}}},"10":{"name":"(anonymous_10)","line":715,"loc":{"start":{"line":715,"column":36},"end":{"line":715,"column":51}}},"11":{"name":"(anonymous_11)","line":738,"loc":{"start":{"line":738,"column":31},"end":{"line":738,"column":46}}},"12":{"name":"Renderer","line":760,"loc":{"start":{"line":760,"column":0},"end":{"line":760,"column":27}}},"13":{"name":"(anonymous_13)","line":764,"loc":{"start":{"line":764,"column":26},"end":{"line":764,"column":56}}},"14":{"name":"(anonymous_14)","line":787,"loc":{"start":{"line":787,"column":32},"end":{"line":787,"column":48}}},"15":{"name":"(anonymous_15)","line":791,"loc":{"start":{"line":791,"column":26},"end":{"line":791,"column":41}}},"16":{"name":"(anonymous_16)","line":795,"loc":{"start":{"line":795,"column":29},"end":{"line":795,"column":56}}},"17":{"name":"(anonymous_17)","line":808,"loc":{"start":{"line":808,"column":24},"end":{"line":808,"column":35}}},"18":{"name":"(anonymous_18)","line":812,"loc":{"start":{"line":812,"column":26},"end":{"line":812,"column":50}}},"19":{"name":"(anonymous_19)","line":817,"loc":{"start":{"line":817,"column":30},"end":{"line":817,"column":45}}},"20":{"name":"(anonymous_20)","line":821,"loc":{"start":{"line":821,"column":31},"end":{"line":821,"column":46}}},"21":{"name":"(anonymous_21)","line":825,"loc":{"start":{"line":825,"column":27},"end":{"line":825,"column":50}}},"22":{"name":"(anonymous_22)","line":836,"loc":{"start":{"line":836,"column":30},"end":{"line":836,"column":48}}},"23":{"name":"(anonymous_23)","line":840,"loc":{"start":{"line":840,"column":31},"end":{"line":840,"column":56}}},"24":{"name":"(anonymous_24)","line":849,"loc":{"start":{"line":849,"column":28},"end":{"line":849,"column":43}}},"25":{"name":"(anonymous_25)","line":853,"loc":{"start":{"line":853,"column":24},"end":{"line":853,"column":39}}},"26":{"name":"(anonymous_26)","line":857,"loc":{"start":{"line":857,"column":30},"end":{"line":857,"column":45}}},"27":{"name":"(anonymous_27)","line":861,"loc":{"start":{"line":861,"column":24},"end":{"line":861,"column":35}}},"28":{"name":"(anonymous_28)","line":865,"loc":{"start":{"line":865,"column":25},"end":{"line":865,"column":40}}},"29":{"name":"(anonymous_29)","line":869,"loc":{"start":{"line":869,"column":26},"end":{"line":869,"column":54}}},"30":{"name":"(anonymous_30)","line":890,"loc":{"start":{"line":890,"column":27},"end":{"line":890,"column":55}}},"31":{"name":"(anonymous_31)","line":899,"loc":{"start":{"line":899,"column":26},"end":{"line":899,"column":41}}},"32":{"name":"Parser","line":907,"loc":{"start":{"line":907,"column":0},"end":{"line":907,"column":25}}},"33":{"name":"(anonymous_33)","line":920,"loc":{"start":{"line":920,"column":15},"end":{"line":920,"column":48}}},"34":{"name":"(anonymous_34)","line":929,"loc":{"start":{"line":929,"column":25},"end":{"line":929,"column":39}}},"35":{"name":"(anonymous_35)","line":945,"loc":{"start":{"line":945,"column":24},"end":{"line":945,"column":35}}},"36":{"name":"(anonymous_36)","line":953,"loc":{"start":{"line":953,"column":24},"end":{"line":953,"column":35}}},"37":{"name":"(anonymous_37)","line":961,"loc":{"start":{"line":961,"column":29},"end":{"line":961,"column":40}}},"38":{"name":"(anonymous_38)","line":975,"loc":{"start":{"line":975,"column":23},"end":{"line":975,"column":34}}},"39":{"name":"escape","line":1087,"loc":{"start":{"line":1087,"column":0},"end":{"line":1087,"column":30}}},"40":{"name":"unescape","line":1096,"loc":{"start":{"line":1096,"column":0},"end":{"line":1096,"column":24}}},"41":{"name":"(anonymous_41)","line":1098,"loc":{"start":{"line":1098,"column":67},"end":{"line":1098,"column":82}}},"42":{"name":"replace","line":1110,"loc":{"start":{"line":1110,"column":0},"end":{"line":1110,"column":29}}},"43":{"name":"self","line":1113,"loc":{"start":{"line":1113,"column":9},"end":{"line":1113,"column":34}}},"44":{"name":"noop","line":1122,"loc":{"start":{"line":1122,"column":0},"end":{"line":1122,"column":16}}},"45":{"name":"merge","line":1125,"loc":{"start":{"line":1125,"column":0},"end":{"line":1125,"column":20}}},"46":{"name":"marked","line":1147,"loc":{"start":{"line":1147,"column":0},"end":{"line":1147,"column":36}}},"47":{"name":"(anonymous_47)","line":1169,"loc":{"start":{"line":1169,"column":15},"end":{"line":1169,"column":29}}},"48":{"name":"(anonymous_48)","line":1199,"loc":{"start":{"line":1199,"column":7},"end":{"line":1199,"column":23}}},"49":{"name":"(anonymous_49)","line":1203,"loc":{"start":{"line":1203,"column":49},"end":{"line":1203,"column":69}}},"50":{"name":"(anonymous_50)","line":1236,"loc":{"start":{"line":1236,"column":20},"end":{"line":1236,"column":34}}},"51":{"name":"(anonymous_51)","line":1279,"loc":{"start":{"line":1279,"column":9},"end":{"line":1279,"column":20}}},"52":{"name":"(anonymous_52)","line":1284,"loc":{"start":{"line":1284,"column":8},"end":{"line":1284,"column":19}}}},"statementMap":{"1":{"start":{"line":7,"column":1},"end":{"line":1286,"column":5}},"2":{"start":{"line":13,"column":0},"end":{"line":28,"column":2}},"3":{"start":{"line":30,"column":0},"end":{"line":30,"column":33}},"4":{"start":{"line":31,"column":0},"end":{"line":31,"column":58}},"5":{"start":{"line":32,"column":0},"end":{"line":34,"column":5}},"6":{"start":{"line":36,"column":0},"end":{"line":40,"column":5}},"7":{"start":{"line":42,"column":0},"end":{"line":44,"column":5}},"8":{"start":{"line":46,"column":0},"end":{"line":49,"column":62}},"9":{"start":{"line":51,"column":0},"end":{"line":56,"column":5}},"10":{"start":{"line":58,"column":0},"end":{"line":65,"column":5}},"11":{"start":{"line":71,"column":0},"end":{"line":71,"column":32}},"12":{"start":{"line":77,"column":0},"end":{"line":81,"column":3}},"13":{"start":{"line":83,"column":0},"end":{"line":87,"column":5}},"14":{"start":{"line":93,"column":0},"end":{"line":96,"column":3}},"15":{"start":{"line":102,"column":0},"end":{"line":115,"column":1}},"16":{"start":{"line":103,"column":2},"end":{"line":103,"column":19}},"17":{"start":{"line":104,"column":2},"end":{"line":104,"column":25}},"18":{"start":{"line":105,"column":2},"end":{"line":105,"column":44}},"19":{"start":{"line":106,"column":2},"end":{"line":106,"column":28}},"20":{"start":{"line":108,"column":2},"end":{"line":114,"column":3}},"21":{"start":{"line":109,"column":4},"end":{"line":113,"column":5}},"22":{"start":{"line":110,"column":6},"end":{"line":110,"column":32}},"23":{"start":{"line":112,"column":6},"end":{"line":112,"column":29}},"24":{"start":{"line":121,"column":0},"end":{"line":121,"column":20}},"25":{"start":{"line":127,"column":0},"end":{"line":130,"column":2}},"26":{"start":{"line":128,"column":2},"end":{"line":128,"column":33}},"27":{"start":{"line":129,"column":2},"end":{"line":129,"column":24}},"28":{"start":{"line":136,"column":0},"end":{"line":144,"column":2}},"29":{"start":{"line":137,"column":2},"end":{"line":141,"column":30}},"30":{"start":{"line":143,"column":2},"end":{"line":143,"column":31}},"31":{"start":{"line":150,"column":0},"end":{"line":444,"column":2}},"32":{"start":{"line":151,"column":2},"end":{"line":160,"column":8}},"33":{"start":{"line":162,"column":2},"end":{"line":441,"column":3}},"34":{"start":{"line":164,"column":4},"end":{"line":171,"column":5}},"35":{"start":{"line":165,"column":6},"end":{"line":165,"column":41}},"36":{"start":{"line":166,"column":6},"end":{"line":170,"column":7}},"37":{"start":{"line":167,"column":8},"end":{"line":169,"column":11}},"38":{"start":{"line":174,"column":4},"end":{"line":184,"column":5}},"39":{"start":{"line":175,"column":6},"end":{"line":175,"column":41}},"40":{"start":{"line":176,"column":6},"end":{"line":176,"column":42}},"41":{"start":{"line":177,"column":6},"end":{"line":182,"column":9}},"42":{"start":{"line":183,"column":6},"end":{"line":183,"column":15}},"43":{"start":{"line":187,"column":4},"end":{"line":195,"column":5}},"44":{"start":{"line":188,"column":6},"end":{"line":188,"column":41}},"45":{"start":{"line":189,"column":6},"end":{"line":193,"column":9}},"46":{"start":{"line":194,"column":6},"end":{"line":194,"column":15}},"47":{"start":{"line":198,"column":4},"end":{"line":206,"column":5}},"48":{"start":{"line":199,"column":6},"end":{"line":199,"column":41}},"49":{"start":{"line":200,"column":6},"end":{"line":204,"column":9}},"50":{"start":{"line":205,"column":6},"end":{"line":205,"column":15}},"51":{"start":{"line":209,"column":4},"end":{"line":238,"column":5}},"52":{"start":{"line":210,"column":6},"end":{"line":210,"column":41}},"53":{"start":{"line":212,"column":6},"end":{"line":217,"column":8}},"54":{"start":{"line":219,"column":6},"end":{"line":229,"column":7}},"55":{"start":{"line":220,"column":8},"end":{"line":228,"column":9}},"56":{"start":{"line":221,"column":10},"end":{"line":221,"column":34}},"57":{"start":{"line":222,"column":15},"end":{"line":228,"column":9}},"58":{"start":{"line":223,"column":10},"end":{"line":223,"column":35}},"59":{"start":{"line":224,"column":15},"end":{"line":228,"column":9}},"60":{"start":{"line":225,"column":10},"end":{"line":225,"column":33}},"61":{"start":{"line":227,"column":10},"end":{"line":227,"column":31}},"62":{"start":{"line":231,"column":6},"end":{"line":233,"column":7}},"63":{"start":{"line":232,"column":8},"end":{"line":232,"column":54}},"64":{"start":{"line":235,"column":6},"end":{"line":235,"column":29}},"65":{"start":{"line":237,"column":6},"end":{"line":237,"column":15}},"66":{"start":{"line":241,"column":4},"end":{"line":249,"column":5}},"67":{"start":{"line":242,"column":6},"end":{"line":242,"column":41}},"68":{"start":{"line":243,"column":6},"end":{"line":247,"column":9}},"69":{"start":{"line":248,"column":6},"end":{"line":248,"column":15}},"70":{"start":{"line":252,"column":4},"end":{"line":258,"column":5}},"71":{"start":{"line":253,"column":6},"end":{"line":253,"column":41}},"72":{"start":{"line":254,"column":6},"end":{"line":256,"column":9}},"73":{"start":{"line":257,"column":6},"end":{"line":257,"column":15}},"74":{"start":{"line":261,"column":4},"end":{"line":280,"column":5}},"75":{"start":{"line":262,"column":6},"end":{"line":262,"column":41}},"76":{"start":{"line":264,"column":6},"end":{"line":266,"column":9}},"77":{"start":{"line":268,"column":6},"end":{"line":268,"column":43}},"78":{"start":{"line":273,"column":6},"end":{"line":273,"column":33}},"79":{"start":{"line":275,"column":6},"end":{"line":277,"column":9}},"80":{"start":{"line":279,"column":6},"end":{"line":279,"column":15}},"81":{"start":{"line":283,"column":4},"end":{"line":354,"column":5}},"82":{"start":{"line":284,"column":6},"end":{"line":284,"column":41}},"83":{"start":{"line":285,"column":6},"end":{"line":285,"column":20}},"84":{"start":{"line":287,"column":6},"end":{"line":290,"column":9}},"85":{"start":{"line":293,"column":6},"end":{"line":293,"column":42}},"86":{"start":{"line":295,"column":6},"end":{"line":295,"column":19}},"87":{"start":{"line":296,"column":6},"end":{"line":296,"column":21}},"88":{"start":{"line":297,"column":6},"end":{"line":297,"column":12}},"89":{"start":{"line":299,"column":6},"end":{"line":347,"column":7}},"90":{"start":{"line":300,"column":8},"end":{"line":300,"column":22}},"91":{"start":{"line":304,"column":8},"end":{"line":304,"column":28}},"92":{"start":{"line":305,"column":8},"end":{"line":305,"column":54}},"93":{"start":{"line":309,"column":8},"end":{"line":314,"column":9}},"94":{"start":{"line":310,"column":10},"end":{"line":310,"column":31}},"95":{"start":{"line":311,"column":10},"end":{"line":313,"column":44}},"96":{"start":{"line":318,"column":8},"end":{"line":324,"column":9}},"97":{"start":{"line":319,"column":10},"end":{"line":319,"column":47}},"98":{"start":{"line":320,"column":10},"end":{"line":323,"column":11}},"99":{"start":{"line":321,"column":12},"end":{"line":321,"column":52}},"100":{"start":{"line":322,"column":12},"end":{"line":322,"column":22}},"101":{"start":{"line":329,"column":8},"end":{"line":329,"column":50}},"102":{"start":{"line":330,"column":8},"end":{"line":333,"column":9}},"103":{"start":{"line":331,"column":10},"end":{"line":331,"column":55}},"104":{"start":{"line":332,"column":10},"end":{"line":332,"column":35}},"105":{"start":{"line":332,"column":22},"end":{"line":332,"column":35}},"106":{"start":{"line":335,"column":8},"end":{"line":339,"column":11}},"107":{"start":{"line":342,"column":8},"end":{"line":342,"column":36}},"108":{"start":{"line":344,"column":8},"end":{"line":346,"column":11}},"109":{"start":{"line":349,"column":6},"end":{"line":351,"column":9}},"110":{"start":{"line":353,"column":6},"end":{"line":353,"column":15}},"111":{"start":{"line":357,"column":4},"end":{"line":368,"column":5}},"112":{"start":{"line":358,"column":6},"end":{"line":358,"column":41}},"113":{"start":{"line":359,"column":6},"end":{"line":366,"column":9}},"114":{"start":{"line":367,"column":6},"end":{"line":367,"column":15}},"115":{"start":{"line":371,"column":4},"end":{"line":378,"column":5}},"116":{"start":{"line":372,"column":6},"end":{"line":372,"column":41}},"117":{"start":{"line":373,"column":6},"end":{"line":376,"column":8}},"118":{"start":{"line":377,"column":6},"end":{"line":377,"column":15}},"119":{"start":{"line":381,"column":4},"end":{"line":412,"column":5}},"120":{"start":{"line":382,"column":6},"end":{"line":382,"column":41}},"121":{"start":{"line":384,"column":6},"end":{"line":389,"column":8}},"122":{"start":{"line":391,"column":6},"end":{"line":401,"column":7}},"123":{"start":{"line":392,"column":8},"end":{"line":400,"column":9}},"124":{"start":{"line":393,"column":10},"end":{"line":393,"column":34}},"125":{"start":{"line":394,"column":15},"end":{"line":400,"column":9}},"126":{"start":{"line":395,"column":10},"end":{"line":395,"column":35}},"127":{"start":{"line":396,"column":15},"end":{"line":400,"column":9}},"128":{"start":{"line":397,"column":10},"end":{"line":397,"column":33}},"129":{"start":{"line":399,"column":10},"end":{"line":399,"column":31}},"130":{"start":{"line":403,"column":6},"end":{"line":407,"column":7}},"131":{"start":{"line":404,"column":8},"end":{"line":406,"column":27}},"132":{"start":{"line":409,"column":6},"end":{"line":409,"column":29}},"133":{"start":{"line":411,"column":6},"end":{"line":411,"column":15}},"134":{"start":{"line":415,"column":4},"end":{"line":424,"column":5}},"135":{"start":{"line":416,"column":6},"end":{"line":416,"column":41}},"136":{"start":{"line":417,"column":6},"end":{"line":422,"column":9}},"137":{"start":{"line":423,"column":6},"end":{"line":423,"column":15}},"138":{"start":{"line":427,"column":4},"end":{"line":435,"column":5}},"139":{"start":{"line":429,"column":6},"end":{"line":429,"column":41}},"140":{"start":{"line":430,"column":6},"end":{"line":433,"column":9}},"141":{"start":{"line":434,"column":6},"end":{"line":434,"column":15}},"142":{"start":{"line":437,"column":4},"end":{"line":440,"column":5}},"143":{"start":{"line":438,"column":6},"end":{"line":439,"column":61}},"144":{"start":{"line":443,"column":2},"end":{"line":443,"column":21}},"145":{"start":{"line":450,"column":0},"end":{"line":464,"column":2}},"146":{"start":{"line":466,"column":0},"end":{"line":466,"column":58}},"147":{"start":{"line":467,"column":0},"end":{"line":467,"column":64}},"148":{"start":{"line":469,"column":0},"end":{"line":472,"column":5}},"149":{"start":{"line":474,"column":0},"end":{"line":476,"column":5}},"150":{"start":{"line":482,"column":0},"end":{"line":482,"column":34}},"151":{"start":{"line":488,"column":0},"end":{"line":491,"column":3}},"152":{"start":{"line":497,"column":0},"end":{"line":505,"column":3}},"153":{"start":{"line":511,"column":0},"end":{"line":514,"column":3}},"154":{"start":{"line":520,"column":0},"end":{"line":541,"column":1}},"155":{"start":{"line":521,"column":2},"end":{"line":521,"column":44}},"156":{"start":{"line":522,"column":2},"end":{"line":522,"column":21}},"157":{"start":{"line":523,"column":2},"end":{"line":523,"column":29}},"158":{"start":{"line":524,"column":2},"end":{"line":524,"column":56}},"159":{"start":{"line":525,"column":2},"end":{"line":525,"column":39}},"160":{"start":{"line":527,"column":2},"end":{"line":530,"column":3}},"161":{"start":{"line":528,"column":4},"end":{"line":529,"column":57}},"162":{"start":{"line":532,"column":2},"end":{"line":540,"column":3}},"163":{"start":{"line":533,"column":4},"end":{"line":537,"column":5}},"164":{"start":{"line":534,"column":6},"end":{"line":534,"column":33}},"165":{"start":{"line":536,"column":6},"end":{"line":536,"column":30}},"166":{"start":{"line":538,"column":9},"end":{"line":540,"column":3}},"167":{"start":{"line":539,"column":4},"end":{"line":539,"column":33}},"168":{"start":{"line":547,"column":0},"end":{"line":547,"column":27}},"169":{"start":{"line":553,"column":0},"end":{"line":556,"column":2}},"170":{"start":{"line":554,"column":2},"end":{"line":554,"column":47}},"171":{"start":{"line":555,"column":2},"end":{"line":555,"column":28}},"172":{"start":{"line":562,"column":0},"end":{"line":696,"column":2}},"173":{"start":{"line":563,"column":2},"end":{"line":567,"column":10}},"174":{"start":{"line":569,"column":2},"end":{"line":693,"column":3}},"175":{"start":{"line":571,"column":4},"end":{"line":575,"column":5}},"176":{"start":{"line":572,"column":6},"end":{"line":572,"column":41}},"177":{"start":{"line":573,"column":6},"end":{"line":573,"column":20}},"178":{"start":{"line":574,"column":6},"end":{"line":574,"column":15}},"179":{"start":{"line":578,"column":4},"end":{"line":591,"column":5}},"180":{"start":{"line":579,"column":6},"end":{"line":579,"column":41}},"181":{"start":{"line":580,"column":6},"end":{"line":588,"column":7}},"182":{"start":{"line":581,"column":8},"end":{"line":583,"column":32}},"183":{"start":{"line":584,"column":8},"end":{"line":584,"column":45}},"184":{"start":{"line":586,"column":8},"end":{"line":586,"column":30}},"185":{"start":{"line":587,"column":8},"end":{"line":587,"column":20}},"186":{"start":{"line":589,"column":6},"end":{"line":589,"column":50}},"187":{"start":{"line":590,"column":6},"end":{"line":590,"column":15}},"188":{"start":{"line":594,"column":4},"end":{"line":600,"column":5}},"189":{"start":{"line":595,"column":6},"end":{"line":595,"column":41}},"190":{"start":{"line":596,"column":6},"end":{"line":596,"column":28}},"191":{"start":{"line":597,"column":6},"end":{"line":597,"column":18}},"192":{"start":{"line":598,"column":6},"end":{"line":598,"column":50}},"193":{"start":{"line":599,"column":6},"end":{"line":599,"column":15}},"194":{"start":{"line":603,"column":4},"end":{"line":616,"column":5}},"195":{"start":{"line":604,"column":6},"end":{"line":608,"column":7}},"196":{"start":{"line":605,"column":8},"end":{"line":605,"column":27}},"197":{"start":{"line":606,"column":13},"end":{"line":608,"column":7}},"198":{"start":{"line":607,"column":8},"end":{"line":607,"column":28}},"199":{"start":{"line":609,"column":6},"end":{"line":609,"column":41}},"200":{"start":{"line":610,"column":6},"end":{"line":614,"column":16}},"201":{"start":{"line":615,"column":6},"end":{"line":615,"column":15}},"202":{"start":{"line":619,"column":4},"end":{"line":628,"column":5}},"203":{"start":{"line":620,"column":6},"end":{"line":620,"column":41}},"204":{"start":{"line":621,"column":6},"end":{"line":621,"column":25}},"205":{"start":{"line":622,"column":6},"end":{"line":625,"column":9}},"206":{"start":{"line":626,"column":6},"end":{"line":626,"column":26}},"207":{"start":{"line":627,"column":6},"end":{"line":627,"column":15}},"208":{"start":{"line":631,"column":4},"end":{"line":645,"column":5}},"209":{"start":{"line":633,"column":6},"end":{"line":633,"column":41}},"210":{"start":{"line":634,"column":6},"end":{"line":634,"column":53}},"211":{"start":{"line":635,"column":6},"end":{"line":635,"column":44}},"212":{"start":{"line":636,"column":6},"end":{"line":640,"column":7}},"213":{"start":{"line":637,"column":8},"end":{"line":637,"column":32}},"214":{"start":{"line":638,"column":8},"end":{"line":638,"column":40}},"215":{"start":{"line":639,"column":8},"end":{"line":639,"column":17}},"216":{"start":{"line":641,"column":6},"end":{"line":641,"column":25}},"217":{"start":{"line":642,"column":6},"end":{"line":642,"column":40}},"218":{"start":{"line":643,"column":6},"end":{"line":643,"column":26}},"219":{"start":{"line":644,"column":6},"end":{"line":644,"column":15}},"220":{"start":{"line":648,"column":4},"end":{"line":652,"column":5}},"221":{"start":{"line":649,"column":6},"end":{"line":649,"column":41}},"222":{"start":{"line":650,"column":6},"end":{"line":650,"column":65}},"223":{"start":{"line":651,"column":6},"end":{"line":651,"column":15}},"224":{"start":{"line":655,"column":4},"end":{"line":659,"column":5}},"225":{"start":{"line":656,"column":6},"end":{"line":656,"column":41}},"226":{"start":{"line":657,"column":6},"end":{"line":657,"column":61}},"227":{"start":{"line":658,"column":6},"end":{"line":658,"column":15}},"228":{"start":{"line":662,"column":4},"end":{"line":666,"column":5}},"229":{"start":{"line":663,"column":6},"end":{"line":663,"column":41}},"230":{"start":{"line":664,"column":6},"end":{"line":664,"column":58}},"231":{"start":{"line":665,"column":6},"end":{"line":665,"column":15}},"232":{"start":{"line":669,"column":4},"end":{"line":673,"column":5}},"233":{"start":{"line":670,"column":6},"end":{"line":670,"column":41}},"234":{"start":{"line":671,"column":6},"end":{"line":671,"column":32}},"235":{"start":{"line":672,"column":6},"end":{"line":672,"column":15}},"236":{"start":{"line":676,"column":4},"end":{"line":680,"column":5}},"237":{"start":{"line":677,"column":6},"end":{"line":677,"column":41}},"238":{"start":{"line":678,"column":6},"end":{"line":678,"column":52}},"239":{"start":{"line":679,"column":6},"end":{"line":679,"column":15}},"240":{"start":{"line":683,"column":4},"end":{"line":687,"column":5}},"241":{"start":{"line":684,"column":6},"end":{"line":684,"column":41}},"242":{"start":{"line":685,"column":6},"end":{"line":685,"column":66}},"243":{"start":{"line":686,"column":6},"end":{"line":686,"column":15}},"244":{"start":{"line":689,"column":4},"end":{"line":692,"column":5}},"245":{"start":{"line":690,"column":6},"end":{"line":691,"column":61}},"246":{"start":{"line":695,"column":2},"end":{"line":695,"column":13}},"247":{"start":{"line":702,"column":0},"end":{"line":709,"column":2}},"248":{"start":{"line":703,"column":2},"end":{"line":704,"column":53}},"249":{"start":{"line":706,"column":2},"end":{"line":708,"column":55}},"250":{"start":{"line":715,"column":0},"end":{"line":732,"column":2}},"251":{"start":{"line":716,"column":2},"end":{"line":716,"column":45}},"252":{"start":{"line":716,"column":33},"end":{"line":716,"column":45}},"253":{"start":{"line":717,"column":2},"end":{"line":731,"column":33}},"254":{"start":{"line":738,"column":0},"end":{"line":754,"column":2}},"255":{"start":{"line":739,"column":2},"end":{"line":739,"column":40}},"256":{"start":{"line":739,"column":28},"end":{"line":739,"column":40}},"257":{"start":{"line":740,"column":2},"end":{"line":743,"column":9}},"258":{"start":{"line":745,"column":2},"end":{"line":751,"column":3}},"259":{"start":{"line":746,"column":4},"end":{"line":746,"column":28}},"260":{"start":{"line":747,"column":4},"end":{"line":749,"column":5}},"261":{"start":{"line":748,"column":6},"end":{"line":748,"column":33}},"262":{"start":{"line":750,"column":4},"end":{"line":750,"column":27}},"263":{"start":{"line":753,"column":2},"end":{"line":753,"column":13}},"264":{"start":{"line":760,"column":0},"end":{"line":762,"column":1}},"265":{"start":{"line":761,"column":2},"end":{"line":761,"column":31}},"266":{"start":{"line":764,"column":0},"end":{"line":785,"column":2}},"267":{"start":{"line":765,"column":2},"end":{"line":771,"column":3}},"268":{"start":{"line":766,"column":4},"end":{"line":766,"column":49}},"269":{"start":{"line":767,"column":4},"end":{"line":770,"column":5}},"270":{"start":{"line":768,"column":6},"end":{"line":768,"column":21}},"271":{"start":{"line":769,"column":6},"end":{"line":769,"column":17}},"272":{"start":{"line":773,"column":2},"end":{"line":777,"column":3}},"273":{"start":{"line":774,"column":4},"end":{"line":776,"column":26}},"274":{"start":{"line":779,"column":2},"end":{"line":784,"column":26}},"275":{"start":{"line":787,"column":0},"end":{"line":789,"column":2}},"276":{"start":{"line":788,"column":2},"end":{"line":788,"column":54}},"277":{"start":{"line":791,"column":0},"end":{"line":793,"column":2}},"278":{"start":{"line":792,"column":2},"end":{"line":792,"column":14}},"279":{"start":{"line":795,"column":0},"end":{"line":806,"column":2}},"280":{"start":{"line":796,"column":2},"end":{"line":805,"column":12}},"281":{"start":{"line":808,"column":0},"end":{"line":810,"column":2}},"282":{"start":{"line":809,"column":2},"end":{"line":809,"column":51}},"283":{"start":{"line":812,"column":0},"end":{"line":815,"column":2}},"284":{"start":{"line":813,"column":2},"end":{"line":813,"column":35}},"285":{"start":{"line":814,"column":2},"end":{"line":814,"column":57}},"286":{"start":{"line":817,"column":0},"end":{"line":819,"column":2}},"287":{"start":{"line":818,"column":2},"end":{"line":818,"column":35}},"288":{"start":{"line":821,"column":0},"end":{"line":823,"column
[...]
est(cap[0])) {","        this.inLink = false;","      }","      src = src.substring(cap[0].length);","      out += this.options.sanitize","        ? this.options.sanitizer","          ? this.options.sanitizer(cap[0])","          : escape(cap[0])","        : cap[0]","      continue;","    }","","    // link","    if (cap = this.rules.link.exec(src)) {","      src = src.substring(cap[0].length);","      this.inLink = true;","      out += this.outputLink(cap, {","        href: cap[2],","        title: cap[3]","      });","      this.inLink = false;","      continue;","    }","","    // reflink, nolink","    if ((cap = this.rules.reflink.exec(src))","        || (cap = this.rules.nolink.exec(src))) {","      src = src.substring(cap[0].length);","      link = (cap[2] || cap[1]).replace(/\\s+/g, ' ');","      link = this.links[link.toLowerCase()];","      if (!link || !link.href) {","        out += cap[0].charAt(0);","        src = cap[0].substring(1) + src;","        continue;","      }","      this.inLink = true;","      out += this.outputLink(cap, link);","      this.inLink = false;","      continue;","    }","","    // strong","    if (cap = this.rules.strong.exec(src)) {","      src = src.substring(cap[0].length);","      out += this.renderer.strong(this.output(cap[2] || cap[1]));","      continue;","    }","","    // em","    if (cap = this.rules.em.exec(src)) {","      src = src.substring(cap[0].length);","      out += this.renderer.em(this.output(cap[2] || cap[1]));","      continue;","    }","","    // code","    if (cap = this.rules.code.exec(src)) {","      src = src.substring(cap[0].length);","      out += this.renderer.codespan(escape(cap[2], true));","      continue;","    }","","    // br","    if (cap = this.rules.br.exec(src)) {","      src = src.substring(cap[0].length);","      out += this.renderer.br();","      continue;","    }","","    // del (gfm)","    if (cap = this.rules.del.exec(src)) {","      src = src.substring(cap[0].length);","      out += this.renderer.del(this.output(cap[1]));","      continue;","    }","","    // text","    if (cap = this.rules.text.exec(src)) {","      src = src.substring(cap[0].length);","      out += this.renderer.text(escape(this.smartypants(cap[0])));","      continue;","    }","","    if (src) {","      throw new","        Error('Infinite loop on byte: ' + src.charCodeAt(0));","    }","  }","","  return out;","};","","/**"," * Compile Link"," */","","InlineLexer.prototype.outputLink = function(cap, link) {","  var href = escape(link.href)","    , title = link.title ? escape(link.title) : null;","","  return cap[0].charAt(0) !== '!'","    ? this.renderer.link(href, title, this.output(cap[1]))","    : this.renderer.image(href, title, escape(cap[1]));","};","","/**"," * Smartypants Transformations"," */","","InlineLexer.prototype.smartypants = function(text) {","  if (!this.options.smartypants) return text;","  return text","    // em-dashes","    .replace(/---/g, '\\u2014')","    // en-dashes","    .replace(/--/g, '\\u2013')","    // opening singles","    .replace(/(^|[-\\u2014/(\\[{\"\\s])'/g, '$1\\u2018')","    // closing singles & apostrophes","    .replace(/'/g, '\\u2019')","    // opening doubles","    .replace(/(^|[-\\u2014/(\\[{\\u2018\\s])\"/g, '$1\\u201c')","    // closing doubles","    .replace(/\"/g, '\\u201d')","    // ellipses","    .replace(/\\.{3}/g, '\\u2026');","};","","/**"," * Mangle Links"," */","","InlineLexer.prototype.mangle = function(text) {","  if (!this.options.mangle) return text;","  var out = ''","    , l = text.length","    , i = 0","    , ch;","","  for (; i < l; i++) {","    ch = text.charCodeAt(i);","    if (Math.random() > 0.5) {","      ch = 'x' + ch.toString(16);","    }","    out += '&#' + ch + ';';","  }","","  return out;","};","","/**"," * Renderer"," */","","function Renderer(options) {","  this.options = options || {};","}","","Renderer.prototype.code = function(code, lang, escaped) {","  if (this.options.highlight) {","    var out = this.options.highlight(code, lang);","    if (out != null && out !== code) {","      escaped = true;","      code = out;","    }","  }","","  if (!lang) {","    return '<pre><code>'","      + (escaped ? code : escape(code, true))","      + '\\n</code></pre>';","  }","","  return '<pre><code class=\"'","    + this.options.langPrefix","    + escape(lang, true)","    + '\">'","    + (escaped ? code : escape(code, true))","    + '\\n</code></pre>\\n';","};","","Renderer.prototype.blockquote = function(quote) {","  return '<blockquote>\\n' + quote + '</blockquote>\\n';","};","","Renderer.prototype.html = function(html) {","  return html;","};","","Renderer.prototype.heading = function(text, level, raw) {","  return '<h'","    + level","    + ' id=\"'","    + this.options.headerPrefix","    + raw.toLowerCase().replace(/[^\\w]+/g, '-')","    + '\">'","    + text","    + '</h'","    + level","    + '>\\n';","};","","Renderer.prototype.hr = function() {","  return this.options.xhtml ? '<hr/>\\n' : '<hr>\\n';","};","","Renderer.prototype.list = function(body, ordered) {","  var type = ordered ? 'ol' : 'ul';","  return '<' + type + '>\\n' + body + '</' + type + '>\\n';","};","","Renderer.prototype.listitem = function(text) {","  return '<li>' + text + '</li>\\n';","};","","Renderer.prototype.paragraph = function(text) {","  return '<p>' + text + '</p>\\n';","};","","Renderer.prototype.table = function(header, body) {","  return '<table>\\n'","    + '<thead>\\n'","    + header","    + '</thead>\\n'","    + '<tbody>\\n'","    + body","    + '</tbody>\\n'","    + '</table>\\n';","};","","Renderer.prototype.tablerow = function(content) {","  return '<tr>\\n' + content + '</tr>\\n';","};","","Renderer.prototype.tablecell = function(content, flags) {","  var type = flags.header ? 'th' : 'td';","  var tag = flags.align","    ? '<' + type + ' style=\"text-align:' + flags.align + '\">'","    : '<' + type + '>';","  return tag + content + '</' + type + '>\\n';","};","","// span level renderer","Renderer.prototype.strong = function(text) {","  return '<strong>' + text + '</strong>';","};","","Renderer.prototype.em = function(text) {","  return '<em>' + text + '</em>';","};","","Renderer.prototype.codespan = function(text) {","  return '<code>' + text + '</code>';","};","","Renderer.prototype.br = function() {","  return this.options.xhtml ? '<br/>' : '<br>';","};","","Renderer.prototype.del = function(text) {","  return '<del>' + text + '</del>';","};","","Renderer.prototype.link = function(href, title, text) {","  if (this.options.sanitize) {","    try {","      var prot = decodeURIComponent(unescape(href))","        .replace(/[^\\w:]/g, '')","        .toLowerCase();","    } catch (e) {","      return '';","    }","    if (prot.indexOf('javascript:') === 0 || prot.indexOf('vbscript:') === 0) {","      return '';","    }","  }","  var out = '<a href=\"' + href + '\"';","  if (title) {","    out += ' title=\"' + title + '\"';","  }","  out += '>' + text + '</a>';","  return out;","};","","Renderer.prototype.image = function(href, title, text) {","  var out = '<img src=\"' + href + '\" alt=\"' + text + '\"';","  if (title) {","    out += ' title=\"' + title + '\"';","  }","  out += this.options.xhtml ? '/>' : '>';","  return out;","};","","Renderer.prototype.text = function(text) {","  return text;","};","","/**"," * Parsing & Compiling"," */","","function Parser(options) {","  this.tokens = [];","  this.token = null;","  this.options = options || marked.defaults;","  this.options.renderer = this.options.renderer || new Renderer;","  this.renderer = this.options.renderer;","  this.renderer.options = this.options;","}","","/**"," * Static Parse Method"," */","","Parser.parse = function(src, options, renderer) {","  var parser = new Parser(options, renderer);","  return parser.parse(src);","};","","/**"," * Parse Loop"," */","","Parser.prototype.parse = function(src) {","  this.inline = new InlineLexer(src.links, this.options, this.renderer);","  this.tokens = src.reverse();","","  var out = '';","  while (this.next()) {","    out += this.tok();","  }","","  return out;","};","","/**"," * Next Token"," */","","Parser.prototype.next = function() {","  return this.token = this.tokens.pop();","};","","/**"," * Preview Next Token"," */","","Parser.prototype.peek = function() {","  return this.tokens[this.tokens.length - 1] || 0;","};","","/**"," * Parse Text Tokens"," */","","Parser.prototype.parseText = function() {","  var body = this.token.text;","","  while (this.peek().type === 'text') {","    body += '\\n' + this.next().text;","  }","","  return this.inline.output(body);","};","","/**"," * Parse Current Token"," */","","Parser.prototype.tok = function() {","  switch (this.token.type) {","    case 'space': {","      return '';","    }","    case 'hr': {","      return this.renderer.hr();","    }","    case 'heading': {","      return this.renderer.heading(","        this.inline.output(this.token.text),","        this.token.depth,","        this.token.text);","    }","    case 'code': {","      return this.renderer.code(this.token.text,","        this.token.lang,","        this.token.escaped);","    }","    case 'table': {","      var header = ''","        , body = ''","        , i","        , row","        , cell","        , flags","        , j;","","      // header","      cell = '';","      for (i = 0; i < this.token.header.length; i++) {","        flags = { header: true, align: this.token.align[i] };","        cell += this.renderer.tablecell(","          this.inline.output(this.token.header[i]),","          { header: true, align: this.token.align[i] }","        );","      }","      header += this.renderer.tablerow(cell);","","      for (i = 0; i < this.token.cells.length; i++) {","        row = this.token.cells[i];","","        cell = '';","        for (j = 0; j < row.length; j++) {","          cell += this.renderer.tablecell(","            this.inline.output(row[j]),","            { header: false, align: this.token.align[j] }","          );","        }","","        body += this.renderer.tablerow(cell);","      }","      return this.renderer.table(header, body);","    }","    case 'blockquote_start': {","      var body = '';","","      while (this.next().type !== 'blockquote_end') {","        body += this.tok();","      }","","      return this.renderer.blockquote(body);","    }","    case 'list_start': {","      var body = ''","        , ordered = this.token.ordered;","","      while (this.next().type !== 'list_end') {","        body += this.tok();","      }","","      return this.renderer.list(body, ordered);","    }","    case 'list_item_start': {","      var body = '';","","      while (this.next().type !== 'list_item_end') {","        body += this.token.type === 'text'","          ? this.parseText()","          : this.tok();","      }","","      return this.renderer.listitem(body);","    }","    case 'loose_item_start': {","      var body = '';","","      while (this.next().type !== 'list_item_end') {","        body += this.tok();","      }","","      return this.renderer.listitem(body);","    }","    case 'html': {","      var html = !this.token.pre && !this.options.pedantic","        ? this.inline.output(this.token.text)","        : this.token.text;","      return this.renderer.html(html);","    }","    case 'paragraph': {","      return this.renderer.paragraph(this.inline.output(this.token.text));","    }","    case 'text': {","      return this.renderer.paragraph(this.parseText());","    }","  }","};","","/**"," * Helpers"," */","","function escape(html, encode) {","  return html","    .replace(!encode ? /&(?!#?\\w+;)/g : /&/g, '&amp;')","    .replace(/</g, '&lt;')","    .replace(/>/g, '&gt;')","    .replace(/\"/g, '&quot;')","    .replace(/'/g, '&#39;');","}","","function unescape(html) {","\t// explicitly match decimal, hex, and named HTML entities ","  return html.replace(/&(#(?:\\d+)|(?:#x[0-9A-Fa-f]+)|(?:\\w+));?/g, function(_, n) {","    n = n.toLowerCase();","    if (n === 'colon') return ':';","    if (n.charAt(0) === '#') {","      return n.charAt(1) === 'x'","        ? String.fromCharCode(parseInt(n.substring(2), 16))","        : String.fromCharCode(+n.substring(1));","    }","    return '';","  });","}","","function replace(regex, opt) {","  regex = regex.source;","  opt = opt || '';","  return function self(name, val) {","    if (!name) return new RegExp(regex, opt);","    val = val.source || val;","    val = val.replace(/(^|[^\\[])\\^/g, '$1');","    regex = regex.replace(name, val);","    return self;","  };","}","","function noop() {}","noop.exec = noop;","","function merge(obj) {","  var i = 1","    , target","    , key;","","  for (; i < arguments.length; i++) {","    target = arguments[i];","    for (key in target) {","      if (Object.prototype.hasOwnProperty.call(target, key)) {","        obj[key] = target[key];","      }","    }","  }","","  return obj;","}","","","/**"," * Marked"," */","","function marked(src, opt, callback) {","  if (callback || typeof opt === 'function') {","    if (!callback) {","      callback = opt;","      opt = null;","    }","","    opt = merge({}, marked.defaults, opt || {});","","    var highlight = opt.highlight","      , tokens","      , pending","      , i = 0;","","    try {","      tokens = Lexer.lex(src, opt)","    } catch (e) {","      return callback(e);","    }","","    pending = tokens.length;","","    var done = function(err) {","      if (err) {","        opt.highlight = highlight;","        return callback(err);","      }","","      var out;","","      try {","        out = Parser.parse(tokens, opt);","      } catch (e) {","        err = e;","      }","","      opt.highlight = highlight;","","      return err","        ? callback(err)","        : callback(null, out);","    };","","    if (!highlight || highlight.length < 3) {","      return done();","    }","","    delete opt.highlight;","","    if (!pending) return done();","","    for (; i < tokens.length; i++) {","      (function(token) {","        if (token.type !== 'code') {","          return --pending || done();","        }","        return highlight(token.text, token.lang, function(err, code) {","          if (err) return done(err);","          if (code == null || code === token.text) {","            return --pending || done();","          }","          token.text = code;","          token.escaped = true;","          --pending || done();","        });","      })(tokens[i]);","    }","","    return;","  }","  try {","    if (opt) opt = merge({}, marked.defaults, opt);","    return Parser.parse(Lexer.lex(src, opt), opt);","  } catch (e) {","    e.message += '\\nPlease report this to https://github.com/chjj/marked.';","    if ((opt || marked.defaults).silent) {","      return '<p>An error occured:</p><pre>'","        + escape(e.message + '', true)","        + '</pre>';","    }","    throw e;","  }","}","","/**"," * Options"," */","","marked.options =","marked.setOptions = function(opt) {","  merge(marked.defaults, opt);","  return marked;","};","","marked.defaults = {","  gfm: true,","  tables: true,","  breaks: false,","  pedantic: false,","  sanitize: false,","  sanitizer: null,","  mangle: true,","  smartLists: false,","  silent: false,","  highlight: null,","  langPrefix: 'lang-',","  smartypants: false,","  headerPrefix: '',","  renderer: new Renderer,","  xhtml: false","};","","/**"," * Expose"," */","","marked.Parser = Parser;","marked.parser = Parser.parse;","","marked.Renderer = Renderer;","","marked.Lexer = Lexer;","marked.lexer = Lexer.lex;","","marked.InlineLexer = InlineLexer;","marked.inlineLexer = InlineLexer.output;","","marked.parse = marked;","","if (typeof module !== 'undefined' && typeof exports === 'object') {","  module.exports = marked;","} else if (typeof define === 'function' && define.amd) {","  define(function() { return marked; });","} else {","  this.marked = marked;","}","","}).call(function() {","  return this || (typeof window !== 'undefined' ? window : global);","}());",""],"l":{"7":1,"13":1,"30":1,"31":1,"32":1,"36":1,"42":1,"46":1,"51":1,"58":1,"71":1,"77":1,"83":1,"93":1,"102":1,"103":0,"104":0,"105":0,"106":0,"108":0,"109":0,"110":0,"112":0,"121":1,"127":1,"128":0,"129":0,"136":1,"137":0,"143":0,"150":1,"151":0,"162":0,"164":0,"165":0,"166":0,"167":0,"174":0,"175":0,"176":0,"177":0,"183":0,"187":0,"188":0,"189":0,"194":0,"198":0,"199":0,"200":0,"205":0,"209":0,"210":0,"212":0,"219":0,"220":0,"221":0,"222":0,"223":0,"224":0,"225":0,"227":0,"231":0,"232":0,"235":0,"237":0,"241":0,"242":0,"243":0,"248":0,"252":0,"253":0,"254":0,"257":0,"261":0,"262":0,"264":0,"268":0,"273":0,"275":0,"279":0,"283":0,"284":0,"285":0,"287":0,"293":0,"295":0,"296":0,"297":0,"299":0,"300":0,"304":0,"305":0,"309":0,"310":0,"311":0,"318":0,"319":0,"320":0,"321":0,"322":0,"329":0,"330":0,"331":0,"332":0,"335":0,"342":0,"344":0,"349":0,"353":0,"357":0,"358":0,"359":0,"367":0,"371":0,"372":0,"373":0,"377":0,"381":0,"382":0,"384":0,"391":0,"392":0,"393":0,"394":0,"395":0,"396":0,"397":0,"399":0,"403":0,"404":0,"409":0,"411":0,"415":0,"416":0,"417":0,"423":0,"427":0,"429":0,"430":0,"434":0,"437":0,"438":0,"443":0,"450":1,"466":1,"467":1,"469":1,"474":1,"482":1,"488":1,"497":1,"511":1,"520":1,"521":0,"522":0,"523":0,"524":0,"525":0,"527":0,"528":0,"532":0,"533":0,"534":0,"536":0,"538":0,"539":0,"547":1,"553":1,"554":0,"555":0,"562":1,"563":0,"569":0,"571":0,"572":0,"573":0,"574":0,"578":0,"579":0,"580":0,"581":0,"584":0,"586":0,"587":0,"589":0,"590":0,"594":0,"595":0,"596":0,"597":0,"598":0,"599":0,"603":0,"604":0,"605":0,"606":0,"607":0,"609":0,"610":0,"615":0,"619":0,"620":0,"621":0,"622":0,"626":0,"627":0,"631":0,"633":0,"634":0,"635":0,"636":0,"637":0,"638":0,"639":0,"641":0,"642":0,"643":0,"644":0,"648":0,"649":0,"650":0,"651":0,"655":0,"656":0,"657":0,"658":0,"662":0,"663":0,"664":0,"665":0,"669":0,"670":0,"671":0,"672":0,"676":0,"677":0,"678":0,"679":0,"683":0,"684":0,"685":0,"686":0,"689":0,"690":0,"695":0,"702":1,"703":0,"706":0,"715":1,"716":0,"717":0,"738":1,"739":0,"740":0,"745":0,"746":0,"747":0,"748":0,"750":0,"753":0,"760":1,"761":1,"764":1,"765":0,"766":0,"767":0,"768":0,"769":0,"773":0,"774":0,"779":0,"787":1,"788":0,"791":1,"792":0,"795":1,"796":0,"808":1,"809":0,"812":1,"813":0,"814":0,"817":1,"818":0,"821":1,"822":0,"825":1,"826":0,"836":1,"837":0,"840":1,"841":0,"842":0,"845":0,"849":1,"850":0,"853":1,"854":0,"857":1,"858":0,"861":1,"862":0,"865":1,"866":0,"869":1,"870":0,"871":0,"872":0,"876":0,"878":0,"879":0,"882":0,"883":0,"884":0,"886":0,"887":0,"890":1,"891":0,"892":0,"893":0,"895":0,"896":0,"899":1,"900":0,"907":1,"908":0,"909":0,"910":0,"911":0,"912":0,"913":0,"920":1,"921":0,"922":0,"929":1,"930":0,"931":0,"933":0,"934":0,"935":0,"938":0,"945":1,"946":0,"953":1,"954":0,"961":1,"962":0,"964":0,"965":0,"968":0,"975":1,"976":0,"978":0,"981":0,"984":0,"990":0,"995":0,"1004":0,"1005":0,"1006":0,"1007":0,"1012":0,"1014":0,"1015":0,"1017":0,"1018":0,"1019":0,"1025":0,"1027":0,"1030":0,"1032":0,"1033":0,"1036":0,"1039":0,"1042":0,"1043":0,"1046":0,"1049":0,"1051":0,"1052":0,"1057":0,"1060":0,"1062":0,"1063":0,"1066":0,"1069":0,"1072":0,"1075":0,"1078":0,"1087":1,"1088":0,"1096":1,"1098":0,"1099":0,"1100":0,"1101":0,"1102":0,"1106":0,"1110":1,"1111":12,"1112":12,"1113":12,"1114":36,"1115":24,"1116":24,"1117":24,"1118":24,"1122":1,"1123":1,"1125":1,"1126":7,"1130":7,"1131":12,"1132":12,"1133":124,"1134":124,"1139":7,"1147":1,"1148":0,"1149":0,"1150":0,"1151":0,"1154":0,"1156":0,"1161":0,"1162":0,"1164":0,"1167":0,"1169":0,"1170":0,"1171":0,"1172":0,"1175":0,"1177":0,"1178":0,"1180":0,"1183":0,"1185":0,"1190":0,"1191":0,"1194":0,"1196":0,"1198":0,"1199":0,"1200":0,"1201":0,"1203":0,"1204":0,"1205":0,"1206":0,"1208":0,"1209":0,"1210":0,"1215":0,"1217":0,"1218":0,"1219":0,"1221":0,"1222":0,"1223":0,"1227":0,"1235":1,"1237":0,"1238":0,"1241":1,"1263":1,"1264":1,"1266":1,"1268":1,"1269":1,"1271":1,"1272":1,"1274":1,"1276":1,"1277":1,"1278":0,"1279":0,"1281":0,"1285":1}}}